{"numFailedTestSuites":0,"numFailedTests":0,"numPassedTestSuites":1,"numPassedTests":3,"numPendingTestSuites":0,"numPendingTests":0,"numRuntimeErrorTestSuites":0,"numTodoTests":0,"numTotalTestSuites":1,"numTotalTests":3,"openHandles":[],"snapshot":{"added":0,"didUpdate":false,"failure":false,"filesAdded":0,"filesRemoved":0,"filesRemovedList":[],"filesUnmatched":0,"filesUpdated":0,"matched":0,"total":0,"unchecked":0,"uncheckedKeysByFile":[],"unmatched":0,"updated":0},"startTime":1756798937103,"success":true,"testResults":[{"assertionResults":[{"ancestorTitles":["Server"],"duration":2,"failing":false,"failureDetails":[],"failureMessages":[],"fullName":"Server should pass basic test","invocations":1,"location":null,"numPassingAsserts":1,"retryReasons":[],"startAt":1756798937509,"status":"passed","title":"should pass basic test"},{"ancestorTitles":["Server"],"duration":1,"failing":false,"failureDetails":[],"failureMessages":[],"fullName":"Server should perform basic math","invocations":1,"location":null,"numPassingAsserts":1,"retryReasons":[],"startAt":1756798937511,"status":"passed","title":"should perform basic math"},{"ancestorTitles":["Server"],"duration":0,"failing":false,"failureDetails":[],"failureMessages":[],"fullName":"Server should handle environment","invocations":1,"location":null,"numPassingAsserts":1,"retryReasons":[],"startAt":1756798937512,"status":"passed","title":"should handle environment"}],"endTime":1756798937513,"message":"","name":"/home/bekolozi/Desktop/homevend/server/src/app.test.ts","startTime":1756798937347,"status":"passed","summary":""}],"wasInterrupted":false,"coverageMap":{"/home/bekolozi/Desktop/homevend/server/src/middleware/errorHandler.ts":{"path":"/home/bekolozi/Desktop/homevend/server/src/middleware/errorHandler.ts","statementMap":{"0":{"start":{"line":8,"column":28},"end":{"line":29,"column":1}},"1":{"start":{"line":14,"column":21},"end":{"line":14,"column":44}},"2":{"start":{"line":15,"column":18},"end":{"line":15,"column":58}},"3":{"start":{"line":18,"column":2},"end":{"line":20,"column":3}},"4":{"start":{"line":19,"column":4},"end":{"line":19,"column":42}},"5":{"start":{"line":22,"column":2},"end":{"line":28,"column":5}},"6":{"start":{"line":8,"column":13},"end":{"line":8,"column":28}},"7":{"start":{"line":31,"column":24},"end":{"line":36,"column":1}},"8":{"start":{"line":32,"column":2},"end":{"line":35,"column":5}},"9":{"start":{"line":31,"column":13},"end":{"line":31,"column":24}}},"fnMap":{"0":{"name":"(anonymous_0)","decl":{"start":{"line":8,"column":28},"end":{"line":8,"column":null}},"loc":{"start":{"line":13,"column":10},"end":{"line":29,"column":1}}},"1":{"name":"(anonymous_1)","decl":{"start":{"line":31,"column":24},"end":{"line":31,"column":25}},"loc":{"start":{"line":31,"column":62},"end":{"line":36,"column":1}}}},"branchMap":{"0":{"loc":{"start":{"line":14,"column":21},"end":{"line":14,"column":44}},"type":"binary-expr","locations":[{"start":{"line":14,"column":21},"end":{"line":14,"column":37}},{"start":{"line":14,"column":41},"end":{"line":14,"column":44}}]},"1":{"loc":{"start":{"line":15,"column":18},"end":{"line":15,"column":58}},"type":"binary-expr","locations":[{"start":{"line":15,"column":18},"end":{"line":15,"column":31}},{"start":{"line":15,"column":35},"end":{"line":15,"column":58}}]},"2":{"loc":{"start":{"line":18,"column":2},"end":{"line":20,"column":3}},"type":"if","locations":[{"start":{"line":18,"column":2},"end":{"line":20,"column":3}},{"start":{},"end":{}}]},"3":{"loc":{"start":{"line":25,"column":8},"end":{"line":27,"column":6}},"type":"binary-expr","locations":[{"start":{"line":25,"column":8},"end":{"line":25,"column":46}},{"start":{"line":25,"column":50},"end":{"line":27,"column":6}}]}},"s":{"0":0,"1":0,"2":0,"3":0,"4":0,"5":0,"6":0,"7":0,"8":0,"9":0},"f":{"0":0,"1":0},"b":{"0":[0,0],"1":[0,0],"2":[0,0],"3":[0,0]}},"/home/bekolozi/Desktop/homevend/server/src/middleware/validation.ts":{"path":"/home/bekolozi/Desktop/homevend/server/src/middleware/validation.ts","statementMap":{"0":{"start":{"line":2,"column":0},"end":{"line":2,"column":24}},"1":{"start":{"line":4,"column":24},"end":{"line":34,"column":1}},"2":{"start":{"line":5,"column":2},"end":{"line":33,"column":4}},"3":{"start":{"line":6,"column":4},"end":{"line":32,"column":5}},"4":{"start":{"line":7,"column":6},"end":{"line":11,"column":9}},"5":{"start":{"line":12,"column":6},"end":{"line":12,"column":13}},"6":{"start":{"line":14,"column":6},"end":{"line":26,"column":7}},"7":{"start":{"line":15,"column":33},"end":{"line":18,"column":11}},"8":{"start":{"line":15,"column":65},"end":{"line":18,"column":10}},"9":{"start":{"line":20,"column":8},"end":{"line":24,"column":11}},"10":{"start":{"line":25,"column":8},"end":{"line":25,"column":15}},"11":{"start":{"line":28,"column":6},"end":{"line":31,"column":9}},"12":{"start":{"line":4,"column":13},"end":{"line":4,"column":24}}},"fnMap":{"0":{"name":"(anonymous_0)","decl":{"start":{"line":4,"column":24},"end":{"line":4,"column":25}},"loc":{"start":{"line":4,"column":48},"end":{"line":34,"column":1}}},"1":{"name":"(anonymous_1)","decl":{"start":{"line":5,"column":9},"end":{"line":5,"column":10}},"loc":{"start":{"line":5,"column":67},"end":{"line":33,"column":3}}},"2":{"name":"(anonymous_2)","decl":{"start":{"line":15,"column":50},"end":{"line":15,"column":51}},"loc":{"start":{"line":15,"column":65},"end":{"line":18,"column":10}}}},"branchMap":{"0":{"loc":{"start":{"line":14,"column":6},"end":{"line":26,"column":7}},"type":"if","locations":[{"start":{"line":14,"column":6},"end":{"line":26,"column":7}},{"start":{},"end":{}}]}},"s":{"0":0,"1":0,"2":0,"3":0,"4":0,"5":0,"6":0,"7":0,"8":0,"9":0,"10":0,"11":0,"12":0},"f":{"0":0,"1":0,"2":0},"b":{"0":[0,0]}},"/home/bekolozi/Desktop/homevend/server/src/data-source.ts":{"path":"/home/bekolozi/Desktop/homevend/server/src/data-source.ts","statementMap":{"0":{"start":{"line":1,"column":0},"end":{"line":1,"column":28}},"1":{"start":{"line":2,"column":0},"end":{"line":2,"column":16}},"2":{"start":{"line":4,"column":0},"end":{"line":4,"column":37}},"3":{"start":{"line":8,"column":19},"end":{"line":8,"column":114}},"4":{"start":{"line":9,"column":17},"end":{"line":21,"column":2}},"5":{"start":{"line":23,"column":0},"end":{"line":54,"column":3}}},"fnMap":{},"branchMap":{"0":{"loc":{"start":{"line":8,"column":19},"end":{"line":8,"column":114}},"type":"binary-expr","locations":[{"start":{"line":8,"column":19},"end":{"line":8,"column":62}},{"start":{"line":8,"column":66},"end":{"line":8,"column":114}}]},"1":{"loc":{"start":{"line":9,"column":17},"end":{"line":21,"column":2}},"type":"cond-expr","locations":[{"start":{"line":9,"column":44},"end":{"line":13,"column":2}},{"start":{"line":13,"column":4},"end":{"line":21,"column":2}}]},"2":{"loc":{"start":{"line":12,"column":7},"end":{"line":12,"column":57}},"type":"cond-expr","locations":[{"start":{"line":12,"column":20},"end":{"line":12,"column":49}},{"start":{"line":12,"column":52},"end":{"line":12,"column":57}}]},"3":{"loc":{"start":{"line":15,"column":8},"end":{"line":15,"column":42}},"type":"binary-expr","locations":[{"start":{"line":15,"column":8},"end":{"line":15,"column":27}},{"start":{"line":15,"column":31},"end":{"line":15,"column":42}}]},"4":{"loc":{"start":{"line":16,"column":17},"end":{"line":16,"column":46}},"type":"binary-expr","locations":[{"start":{"line":16,"column":17},"end":{"line":16,"column":36}},{"start":{"line":16,"column":40},"end":{"line":16,"column":46}}]},"5":{"loc":{"start":{"line":17,"column":12},"end":{"line":17,"column":49}},"type":"binary-expr","locations":[{"start":{"line":17,"column":12},"end":{"line":17,"column":35}},{"start":{"line":17,"column":39},"end":{"line":17,"column":49}}]},"6":{"loc":{"start":{"line":18,"column":12},"end":{"line":18,"column":41}},"type":"binary-expr","locations":[{"start":{"line":18,"column":12},"end":{"line":18,"column":35}},{"start":{"line":18,"column":39},"end":{"line":18,"column":41}}]},"7":{"loc":{"start":{"line":19,"column":12},"end":{"line":19,"column":45}},"type":"binary-expr","locations":[{"start":{"line":19,"column":12},"end":{"line":19,"column":31}},{"start":{"line":19,"column":35},"end":{"line":19,"column":45}}]},"8":{"loc":{"start":{"line":20,"column":7},"end":{"line":20,"column":57}},"type":"cond-expr","locations":[{"start":{"line":20,"column":20},"end":{"line":20,"column":49}},{"start":{"line":20,"column":52},"end":{"line":20,"column":57}}]}},"s":{"0":0,"1":0,"2":0,"3":0,"4":0,"5":0},"f":{},"b":{"0":[0,0],"1":[0,0],"2":[0,0],"3":[0,0],"4":[0,0],"5":[0,0],"6":[0,0],"7":[0,0],"8":[0,0]}},"/home/bekolozi/Desktop/homevend/server/src/middleware/auth.ts":{"path":"/home/bekolozi/Desktop/homevend/server/src/middleware/auth.ts","statementMap":{"0":{"start":{"line":2,"column":0},"end":{"line":2,"column":70}},"1":{"start":{"line":3,"column":0},"end":{"line":3,"column":54}},"2":{"start":{"line":4,"column":0},"end":{"line":4,"column":41}},"3":{"start":{"line":9,"column":28},"end":{"line":49,"column":1}},"4":{"start":{"line":14,"column":2},"end":{"line":48,"column":3}},"5":{"start":{"line":15,"column":18},"end":{"line":15,"column":67}},"6":{"start":{"line":17,"column":4},"end":{"line":23,"column":5}},"7":{"start":{"line":18,"column":6},"end":{"line":21,"column":9}},"8":{"start":{"line":22,"column":6},"end":{"line":22,"column":13}},"9":{"start":{"line":25,"column":20},"end":{"line":25,"column":38}},"10":{"start":{"line":27,"column":27},"end":{"line":27,"column":60}},"11":{"start":{"line":28,"column":17},"end":{"line":30,"column":6}},"12":{"start":{"line":32,"column":4},"end":{"line":38,"column":5}},"13":{"start":{"line":33,"column":6},"end":{"line":36,"column":9}},"14":{"start":{"line":37,"column":6},"end":{"line":37,"column":13}},"15":{"start":{"line":40,"column":4},"end":{"line":40,"column":20}},"16":{"start":{"line":41,"column":4},"end":{"line":41,"column":11}},"17":{"start":{"line":43,"column":4},"end":{"line":43,"column":51}},"18":{"start":{"line":44,"column":4},"end":{"line":47,"column":7}},"19":{"start":{"line":9,"column":13},"end":{"line":9,"column":28}},"20":{"start":{"line":51,"column":25},"end":{"line":71,"column":1}},"21":{"start":{"line":52,"column":2},"end":{"line":70,"column":4}},"22":{"start":{"line":53,"column":4},"end":{"line":59,"column":5}},"23":{"start":{"line":54,"column":6},"end":{"line":57,"column":9}},"24":{"start":{"line":58,"column":6},"end":{"line":58,"column":13}},"25":{"start":{"line":61,"column":4},"end":{"line":67,"column":5}},"26":{"start":{"line":62,"column":6},"end":{"line":65,"column":9}},"27":{"start":{"line":66,"column":6},"end":{"line":66,"column":13}},"28":{"start":{"line":69,"column":4},"end":{"line":69,"column":11}},"29":{"start":{"line":51,"column":13},"end":{"line":51,"column":25}},"30":{"start":{"line":74,"column":30},"end":{"line":92,"column":1}},"31":{"start":{"line":75,"column":2},"end":{"line":81,"column":3}},"32":{"start":{"line":76,"column":4},"end":{"line":79,"column":7}},"33":{"start":{"line":80,"column":4},"end":{"line":80,"column":11}},"34":{"start":{"line":83,"column":2},"end":{"line":89,"column":3}},"35":{"start":{"line":84,"column":4},"end":{"line":87,"column":7}},"36":{"start":{"line":88,"column":4},"end":{"line":88,"column":11}},"37":{"start":{"line":91,"column":2},"end":{"line":91,"column":9}},"38":{"start":{"line":74,"column":13},"end":{"line":74,"column":30}}},"fnMap":{"0":{"name":"(anonymous_0)","decl":{"start":{"line":9,"column":28},"end":{"line":9,"column":33}},"loc":{"start":{"line":13,"column":19},"end":{"line":49,"column":1}}},"1":{"name":"(anonymous_1)","decl":{"start":{"line":51,"column":25},"end":{"line":51,"column":26}},"loc":{"start":{"line":51,"column":48},"end":{"line":71,"column":1}}},"2":{"name":"(anonymous_2)","decl":{"start":{"line":52,"column":9},"end":{"line":52,"column":10}},"loc":{"start":{"line":52,"column":80},"end":{"line":70,"column":3}}},"3":{"name":"(anonymous_3)","decl":{"start":{"line":74,"column":30},"end":{"line":74,"column":31}},"loc":{"start":{"line":74,"column":101},"end":{"line":92,"column":1}}}},"branchMap":{"0":{"loc":{"start":{"line":17,"column":4},"end":{"line":23,"column":5}},"type":"if","locations":[{"start":{"line":17,"column":4},"end":{"line":23,"column":5}},{"start":{},"end":{}}]},"1":{"loc":{"start":{"line":32,"column":4},"end":{"line":38,"column":5}},"type":"if","locations":[{"start":{"line":32,"column":4},"end":{"line":38,"column":5}},{"start":{},"end":{}}]},"2":{"loc":{"start":{"line":53,"column":4},"end":{"line":59,"column":5}},"type":"if","locations":[{"start":{"line":53,"column":4},"end":{"line":59,"column":5}},{"start":{},"end":{}}]},"3":{"loc":{"start":{"line":61,"column":4},"end":{"line":67,"column":5}},"type":"if","locations":[{"start":{"line":61,"column":4},"end":{"line":67,"column":5}},{"start":{},"end":{}}]},"4":{"loc":{"start":{"line":75,"column":2},"end":{"line":81,"column":3}},"type":"if","locations":[{"start":{"line":75,"column":2},"end":{"line":81,"column":3}},{"start":{},"end":{}}]},"5":{"loc":{"start":{"line":83,"column":2},"end":{"line":89,"column":3}},"type":"if","locations":[{"start":{"line":83,"column":2},"end":{"line":89,"column":3}},{"start":{},"end":{}}]}},"s":{"0":0,"1":0,"2":0,"3":0,"4":0,"5":0,"6":0,"7":0,"8":0,"9":0,"10":0,"11":0,"12":0,"13":0,"14":0,"15":0,"16":0,"17":0,"18":0,"19":0,"20":0,"21":0,"22":0,"23":0,"24":0,"25":0,"26":0,"27":0,"28":0,"29":0,"30":0,"31":0,"32":0,"33":0,"34":0,"35":0,"36":0,"37":0,"38":0},"f":{"0":0,"1":0,"2":0,"3":0},"b":{"0":[0,0],"1":[0,0],"2":[0,0],"3":[0,0],"4":[0,0],"5":[0,0]}},"/home/bekolozi/Desktop/homevend/server/src/models/Advantage.ts":{"path":"/home/bekolozi/Desktop/homevend/server/src/models/Advantage.ts","statementMap":{"0":{"start":{"line":1,"column":0},"end":{"line":1,"column":null}},"1":{"start":{"line":8,"column":0},"end":{"line":8,"column":41}},"2":{"start":{"line":11,"column":7},"end":{"line":42,"column":null}},"3":{"start":{"line":11,"column":13},"end":{"line":11,"column":22}},"4":{"start":{"line":13,"column":2},"end":{"line":13,"column":null}},"5":{"start":{"line":16,"column":2},"end":{"line":16,"column":null}},"6":{"start":{"line":19,"column":2},"end":{"line":19,"column":null}},"7":{"start":{"line":22,"column":2},"end":{"line":22,"column":null}},"8":{"start":{"line":25,"column":2},"end":{"line":25,"column":null}},"9":{"start":{"line":28,"column":2},"end":{"line":28,"column":null}},"10":{"start":{"line":31,"column":2},"end":{"line":31,"column":null}},"11":{"start":{"line":34,"column":2},"end":{"line":34,"column":null}},"12":{"start":{"line":37,"column":2},"end":{"line":37,"column":null}},"13":{"start":{"line":41,"column":2},"end":{"line":41,"column":null}},"14":{"start":{"line":40,"column":20},"end":{"line":40,"column":28}},"15":{"start":{"line":40,"column":42},"end":{"line":40,"column":61}},"16":{"start":{"line":11,"column":13},"end":{"line":42,"column":null}}},"fnMap":{"0":{"name":"(anonymous_2)","decl":{"start":{"line":40,"column":14},"end":{"line":40,"column":17}},"loc":{"start":{"line":40,"column":20},"end":{"line":40,"column":28}}},"1":{"name":"(anonymous_3)","decl":{"start":{"line":40,"column":30},"end":{"line":40,"column":38}},"loc":{"start":{"line":40,"column":42},"end":{"line":40,"column":61}}}},"branchMap":{"0":{"loc":{"start":{"line":37,"column":14},"end":{"line":37,"column":19}},"type":"cond-expr","locations":[{"start":{"line":37,"column":18},"end":{"line":37,"column":19}},{"start":{"line":37,"column":18},"end":{"line":37,"column":19}}]},"1":{"loc":{"start":{"line":37,"column":14},"end":{"line":37,"column":18}},"type":"binary-expr","locations":[{"start":{"line":37,"column":14},"end":{"line":37,"column":19}},{"start":{"line":37,"column":14},"end":{"line":37,"column":18}}]}},"s":{"0":0,"1":0,"2":0,"3":0,"4":0,"5":0,"6":0,"7":0,"8":0,"9":0,"10":0,"11":0,"12":0,"13":0,"14":0,"15":0,"16":0},"f":{"0":0,"1":0},"b":{"0":[0,0],"1":[0,0]}},"/home/bekolozi/Desktop/homevend/server/src/middleware/rateLimiter.ts":{"path":"/home/bekolozi/Desktop/homevend/server/src/middleware/rateLimiter.ts","statementMap":{"0":{"start":{"line":10,"column":30},"end":{"line":10,"column":32}},"1":{"start":{"line":12,"column":33},"end":{"line":53,"column":1}},"2":{"start":{"line":23,"column":6},"end":{"line":23,"column":13}},"3":{"start":{"line":22,"column":28},"end":{"line":22,"column":47}},"4":{"start":{"line":25,"column":2},"end":{"line":52,"column":4}},"5":{"start":{"line":26,"column":16},"end":{"line":26,"column":33}},"6":{"start":{"line":27,"column":16},"end":{"line":27,"column":26}},"7":{"start":{"line":29,"column":4},"end":{"line":36,"column":5}},"8":{"start":{"line":30,"column":6},"end":{"line":33,"column":8}},"9":{"start":{"line":34,"column":6},"end":{"line":34,"column":13}},"10":{"start":{"line":35,"column":6},"end":{"line":35,"column":13}},"11":{"start":{"line":38,"column":4},"end":{"line":38,"column":23}},"12":{"start":{"line":40,"column":4},"end":{"line":49,"column":5}},"13":{"start":{"line":41,"column":25},"end":{"line":41,"column":71}},"14":{"start":{"line":42,"column":6},"end":{"line":42,"column":49}},"15":{"start":{"line":43,"column":6},"end":{"line":47,"column":9}},"16":{"start":{"line":48,"column":6},"end":{"line":48,"column":13}},"17":{"start":{"line":51,"column":4},"end":{"line":51,"column":11}},"18":{"start":{"line":12,"column":13},"end":{"line":12,"column":33}},"19":{"start":{"line":55,"column":13},"end":{"line":59,"column":3}},"20":{"start":{"line":61,"column":13},"end":{"line":65,"column":3}},"21":{"start":{"line":67,"column":0},"end":{"line":74,"column":14}},"22":{"start":{"line":68,"column":14},"end":{"line":68,"column":24}},"23":{"start":{"line":69,"column":2},"end":{"line":73,"column":5}},"24":{"start":{"line":70,"column":4},"end":{"line":72,"column":5}},"25":{"start":{"line":71,"column":6},"end":{"line":71,"column":24}}},"fnMap":{"0":{"name":"(anonymous_0)","decl":{"start":{"line":12,"column":33},"end":{"line":12,"column":34}},"loc":{"start":{"line":17,"column":5},"end":{"line":53,"column":1}}},"1":{"name":"(anonymous_1)","decl":{"start":{"line":22,"column":19},"end":{"line":22,"column":20}},"loc":{"start":{"line":22,"column":28},"end":{"line":22,"column":47}}},"2":{"name":"(anonymous_2)","decl":{"start":{"line":25,"column":9},"end":{"line":25,"column":10}},"loc":{"start":{"line":25,"column":67},"end":{"line":52,"column":3}}},"3":{"name":"(anonymous_3)","decl":{"start":{"line":67,"column":12},"end":{"line":67,"column":15}},"loc":{"start":{"line":67,"column":17},"end":{"line":74,"column":1}}},"4":{"name":"(anonymous_4)","decl":{"start":{"line":69,"column":29},"end":{"line":69,"column":32}},"loc":{"start":{"line":69,"column":35},"end":{"line":73,"column":3}}}},"branchMap":{"0":{"loc":{"start":{"line":19,"column":4},"end":{"line":19,"column":29}},"type":"default-arg","locations":[{"start":{"line":19,"column":15},"end":{"line":19,"column":29}}]},"1":{"loc":{"start":{"line":20,"column":4},"end":{"line":20,"column":13}},"type":"default-arg","locations":[{"start":{"line":20,"column":10},"end":{"line":20,"column":13}}]},"2":{"loc":{"start":{"line":21,"column":4},"end":{"line":21,"column":58}},"type":"default-arg","locations":[{"start":{"line":21,"column":14},"end":{"line":21,"column":58}}]},"3":{"loc":{"start":{"line":22,"column":4},"end":{"line":22,"column":47}},"type":"default-arg","locations":[{"start":{"line":22,"column":19},"end":{"line":22,"column":47}}]},"4":{"loc":{"start":{"line":22,"column":28},"end":{"line":22,"column":47}},"type":"binary-expr","locations":[{"start":{"line":22,"column":28},"end":{"line":22,"column":34}},{"start":{"line":22,"column":38},"end":{"line":22,"column":47}}]},"5":{"loc":{"start":{"line":29,"column":4},"end":{"line":36,"column":5}},"type":"if","locations":[{"start":{"line":29,"column":4},"end":{"line":36,"column":5}},{"start":{},"end":{}}]},"6":{"loc":{"start":{"line":29,"column":8},"end":{"line":29,"column":49}},"type":"binary-expr","locations":[{"start":{"line":29,"column":8},"end":{"line":29,"column":19}},{"start":{"line":29,"column":23},"end":{"line":29,"column":49}}]},"7":{"loc":{"start":{"line":40,"column":4},"end":{"line":49,"column":5}},"type":"if","locations":[{"start":{"line":40,"column":4},"end":{"line":49,"column":5}},{"start":{},"end":{}}]},"8":{"loc":{"start":{"line":70,"column":4},"end":{"line":72,"column":5}},"type":"if","locations":[{"start":{"line":70,"column":4},"end":{"line":72,"column":5}},{"start":{},"end":{}}]}},"s":{"0":0,"1":0,"2":0,"3":0,"4":0,"5":0,"6":0,"7":0,"8":0,"9":0,"10":0,"11":0,"12":0,"13":0,"14":0,"15":0,"16":0,"17":0,"18":0,"19":0,"20":0,"21":0,"22":0,"23":0,"24":0,"25":0},"f":{"0":0,"1":0,"2":0,"3":0,"4":0},"b":{"0":[0],"1":[0],"2":[0],"3":[0],"4":[0,0],"5":[0,0],"6":[0,0],"7":[0,0],"8":[0,0]}},"/home/bekolozi/Desktop/homevend/server/src/middleware/security.ts":{"path":"/home/bekolozi/Desktop/homevend/server/src/middleware/security.ts","statementMap":{"0":{"start":{"line":2,"column":0},"end":{"line":2,"column":28}},"1":{"start":{"line":4,"column":13},"end":{"line":18,"column":3}},"2":{"start":{"line":20,"column":29},"end":{"line":48,"column":1}},"3":{"start":{"line":21,"column":19},"end":{"line":40,"column":3}},"4":{"start":{"line":22,"column":4},"end":{"line":27,"column":5}},"5":{"start":{"line":23,"column":6},"end":{"line":25,"column":7}},"6":{"start":{"line":24,"column":8},"end":{"line":24,"column":93}},"7":{"start":{"line":26,"column":6},"end":{"line":26,"column":17}},"8":{"start":{"line":29,"column":4},"end":{"line":31,"column":5}},"9":{"start":{"line":30,"column":6},"end":{"line":30,"column":31}},"10":{"start":{"line":33,"column":27},"end":{"line":33,"column":29}},"11":{"start":{"line":34,"column":4},"end":{"line":38,"column":5}},"12":{"start":{"line":35,"column":6},"end":{"line":37,"column":7}},"13":{"start":{"line":36,"column":8},"end":{"line":36,"column":44}},"14":{"start":{"line":39,"column":4},"end":{"line":39,"column":21}},"15":{"start":{"line":43,"column":2},"end":{"line":45,"column":3}},"16":{"start":{"line":44,"column":4},"end":{"line":44,"column":34}},"17":{"start":{"line":47,"column":2},"end":{"line":47,"column":9}},"18":{"start":{"line":20,"column":13},"end":{"line":20,"column":29}},"19":{"start":{"line":50,"column":35},"end":{"line":103,"column":1}},"20":{"start":{"line":51,"column":22},"end":{"line":56,"column":4}},"21":{"start":{"line":58,"column":31},"end":{"line":61,"column":3}},"22":{"start":{"line":59,"column":4},"end":{"line":59,"column":48}},"23":{"start":{"line":59,"column":35},"end":{"line":59,"column":48}},"24":{"start":{"line":60,"column":4},"end":{"line":60,"column":60}},"25":{"start":{"line":60,"column":39},"end":{"line":60,"column":58}},"26":{"start":{"line":63,"column":22},"end":{"line":77,"column":3}},"27":{"start":{"line":64,"column":4},"end":{"line":64,"column":54}},"28":{"start":{"line":64,"column":41},"end":{"line":64,"column":54}},"29":{"start":{"line":66,"column":4},"end":{"line":75,"column":5}},"30":{"start":{"line":67,"column":6},"end":{"line":74,"column":7}},"31":{"start":{"line":68,"column":22},"end":{"line":68,"column":30}},"32":{"start":{"line":69,"column":8},"end":{"line":73,"column":9}},"33":{"start":{"line":70,"column":10},"end":{"line":70,"column":22}},"34":{"start":{"line":71,"column":15},"end":{"line":73,"column":9}},"35":{"start":{"line":72,"column":10},"end":{"line":72,"column":46}},"36":{"start":{"line":72,"column":34},"end":{"line":72,"column":46}},"37":{"start":{"line":76,"column":4},"end":{"line":76,"column":17}},"38":{"start":{"line":80,"column":2},"end":{"line":86,"column":3}},"39":{"start":{"line":81,"column":4},"end":{"line":84,"column":7}},"40":{"start":{"line":85,"column":4},"end":{"line":85,"column":11}},"41":{"start":{"line":89,"column":22},"end":{"line":89,"column":52}},"42":{"start":{"line":90,"column":22},"end":{"line":90,"column":53}},"43":{"start":{"line":92,"column":2},"end":{"line":100,"column":3}},"44":{"start":{"line":93,"column":4},"end":{"line":99,"column":5}},"45":{"start":{"line":94,"column":6},"end":{"line":97,"column":9}},"46":{"start":{"line":98,"column":6},"end":{"line":98,"column":13}},"47":{"start":{"line":102,"column":2},"end":{"line":102,"column":9}},"48":{"start":{"line":50,"column":13},"end":{"line":50,"column":35}}},"fnMap":{"0":{"name":"(anonymous_1)","decl":{"start":{"line":20,"column":29},"end":{"line":20,"column":30}},"loc":{"start":{"line":20,"column":87},"end":{"line":48,"column":1}}},"1":{"name":"(anonymous_2)","decl":{"start":{"line":21,"column":19},"end":{"line":21,"column":20}},"loc":{"start":{"line":21,"column":37},"end":{"line":40,"column":3}}},"2":{"name":"(anonymous_3)","decl":{"start":{"line":50,"column":35},"end":{"line":50,"column":36}},"loc":{"start":{"line":50,"column":93},"end":{"line":103,"column":1}}},"3":{"name":"(anonymous_4)","decl":{"start":{"line":58,"column":31},"end":{"line":58,"column":32}},"loc":{"start":{"line":58,"column":55},"end":{"line":61,"column":3}}},"4":{"name":"(anonymous_5)","decl":{"start":{"line":60,"column":28},"end":{"line":60,"column":35}},"loc":{"start":{"line":60,"column":39},"end":{"line":60,"column":58}}},"5":{"name":"(anonymous_6)","decl":{"start":{"line":63,"column":22},"end":{"line":63,"column":23}},"loc":{"start":{"line":63,"column":44},"end":{"line":77,"column":3}}}},"branchMap":{"0":{"loc":{"start":{"line":22,"column":4},"end":{"line":27,"column":5}},"type":"if","locations":[{"start":{"line":22,"column":4},"end":{"line":27,"column":5}},{"start":{},"end":{}}]},"1":{"loc":{"start":{"line":22,"column":8},"end":{"line":22,"column":47}},"type":"binary-expr","locations":[{"start":{"line":22,"column":8},"end":{"line":22,"column":31}},{"start":{"line":22,"column":35},"end":{"line":22,"column":47}}]},"2":{"loc":{"start":{"line":23,"column":6},"end":{"line":25,"column":7}},"type":"if","locations":[{"start":{"line":23,"column":6},"end":{"line":25,"column":7}},{"start":{},"end":{}}]},"3":{"loc":{"start":{"line":29,"column":4},"end":{"line":31,"column":5}},"type":"if","locations":[{"start":{"line":29,"column":4},"end":{"line":31,"column":5}},{"start":{},"end":{}}]},"4":{"loc":{"start":{"line":35,"column":6},"end":{"line":37,"column":7}},"type":"if","locations":[{"start":{"line":35,"column":6},"end":{"line":37,"column":7}},{"start":{},"end":{}}]},"5":{"loc":{"start":{"line":43,"column":2},"end":{"line":45,"column":3}},"type":"if","locations":[{"start":{"line":43,"column":2},"end":{"line":45,"column":3}},{"start":{},"end":{}}]},"6":{"loc":{"start":{"line":59,"column":4},"end":{"line":59,"column":48}},"type":"if","locations":[{"start":{"line":59,"column":4},"end":{"line":59,"column":48}},{"start":{},"end":{}}]},"7":{"loc":{"start":{"line":64,"column":4},"end":{"line":64,"column":54}},"type":"if","locations":[{"start":{"line":64,"column":4},"end":{"line":64,"column":54}},{"start":{},"end":{}}]},"8":{"loc":{"start":{"line":64,"column":8},"end":{"line":64,"column":39}},"type":"binary-expr","locations":[{"start":{"line":64,"column":8},"end":{"line":64,"column":12}},{"start":{"line":64,"column":16},"end":{"line":64,"column":39}}]},"9":{"loc":{"start":{"line":67,"column":6},"end":{"line":74,"column":7}},"type":"if","locations":[{"start":{"line":67,"column":6},"end":{"line":74,"column":7}},{"start":{},"end":{}}]},"10":{"loc":{"start":{"line":69,"column":8},"end":{"line":73,"column":9}},"type":"if","locations":[{"start":{"line":69,"column":8},"end":{"line":73,"column":9}},{"start":{"line":71,"column":15},"end":{"line":73,"column":9}}]},"11":{"loc":{"start":{"line":69,"column":12},"end":{"line":69,"column":68}},"type":"binary-expr","locations":[{"start":{"line":69,"column":12},"end":{"line":69,"column":37}},{"start":{"line":69,"column":41},"end":{"line":69,"column":68}}]},"12":{"loc":{"start":{"line":71,"column":15},"end":{"line":73,"column":9}},"type":"if","locations":[{"start":{"line":71,"column":15},"end":{"line":73,"column":9}},{"start":{},"end":{}}]},"13":{"loc":{"start":{"line":72,"column":10},"end":{"line":72,"column":46}},"type":"if","locations":[{"start":{"line":72,"column":10},"end":{"line":72,"column":46}},{"start":{},"end":{}}]},"14":{"loc":{"start":{"line":80,"column":2},"end":{"line":86,"column":3}},"type":"if","locations":[{"start":{"line":80,"column":2},"end":{"line":86,"column":3}},{"start":{},"end":{}}]},"15":{"loc":{"start":{"line":89,"column":36},"end":{"line":89,"column":51}},"type":"binary-expr","locations":[{"start":{"line":89,"column":36},"end":{"line":89,"column":45}},{"start":{"line":89,"column":49},"end":{"line":89,"column":51}}]},"16":{"loc":{"start":{"line":90,"column":36},"end":{"line":90,"column":52}},"type":"binary-expr","locations":[{"start":{"line":90,"column":36},"end":{"line":90,"column":46}},{"start":{"line":90,"column":50},"end":{"line":90,"column":52}}]},"17":{"loc":{"start":{"line":93,"column":4},"end":{"line":99,"column":5}},"type":"if","locations":[{"start":{"line":93,"column":4},"end":{"line":99,"column":5}},{"start":{},"end":{}}]},"18":{"loc":{"start":{"line":93,"column":8},"end":{"line":93,"column":64}},"type":"binary-expr","locations":[{"start":{"line":93,"column":8},"end":{"line":93,"column":33}},{"start":{"line":93,"column":37},"end":{"line":93,"column":64}}]}},"s":{"0":0,"1":0,"2":0,"3":0,"4":0,"5":0,"6":0,"7":0,"8":0,"9":0,"10":0,"11":0,"12":0,"13":0,"14":0,"15":0,"16":0,"17":0,"18":0,"19":0,"20":0,"21":0,"22":0,"23":0,"24":0,"25":0,"26":0,"27":0,"28":0,"29":0,"30":0,"31":0,"32":0,"33":0,"34":0,"35":0,"36":0,"37":0,"38":0,"39":0,"40":0,"41":0,"42":0,"43":0,"44":0,"45":0,"46":0,"47":0,"48":0},"f":{"0":0,"1":0,"2":0,"3":0,"4":0,"5":0},"b":{"0":[0,0],"1":[0,0],"2":[0,0],"3":[0,0],"4":[0,0],"5":[0,0],"6":[0,0],"7":[0,0],"8":[0,0],"9":[0,0],"10":[0,0],"11":[0,0],"12":[0,0],"13":[0,0],"14":[0,0],"15":[0,0],"16":[0,0],"17":[0,0],"18":[0,0]}},"/home/bekolozi/Desktop/homevend/server/src/config/database.ts":{"path":"/home/bekolozi/Desktop/homevend/server/src/config/database.ts","statementMap":{"0":{"start":{"line":1,"column":0},"end":{"line":1,"column":28}},"1":{"start":{"line":2,"column":0},"end":{"line":2,"column":16}},"2":{"start":{"line":4,"column":0},"end":{"line":4,"column":37}},"3":{"start":{"line":5,"column":0},"end":{"line":5,"column":41}},"4":{"start":{"line":6,"column":0},"end":{"line":6,"column":49}},"5":{"start":{"line":7,"column":0},"end":{"line":7,"column":49}},"6":{"start":{"line":8,"column":0},"end":{"line":8,"column":41}},"7":{"start":{"line":9,"column":0},"end":{"line":9,"column":61}},"8":{"start":{"line":10,"column":0},"end":{"line":10,"column":41}},"9":{"start":{"line":11,"column":0},"end":{"line":11,"column":47}},"10":{"start":{"line":12,"column":0},"end":{"line":12,"column":51}},"11":{"start":{"line":13,"column":0},"end":{"line":13,"column":69}},"12":{"start":{"line":14,"column":0},"end":{"line":14,"column":39}},"13":{"start":{"line":15,"column":0},"end":{"line":15,"column":59}},"14":{"start":{"line":16,"column":0},"end":{"line":16,"column":57}},"15":{"start":{"line":17,"column":0},"end":{"line":17,"column":63}},"16":{"start":{"line":18,"column":0},"end":{"line":18,"column":57}},"17":{"start":{"line":19,"column":0},"end":{"line":19,"column":45}},"18":{"start":{"line":20,"column":0},"end":{"line":20,"column":47}},"19":{"start":{"line":21,"column":0},"end":{"line":21,"column":61}},"20":{"start":{"line":22,"column":0},"end":{"line":22,"column":61}},"21":{"start":{"line":23,"column":0},"end":{"line":23,"column":55}},"22":{"start":{"line":24,"column":0},"end":{"line":24,"column":53}},"23":{"start":{"line":25,"column":0},"end":{"line":25,"column":61}},"24":{"start":{"line":26,"column":0},"end":{"line":26,"column":63}},"25":{"start":{"line":30,"column":19},"end":{"line":30,"column":114}},"26":{"start":{"line":31,"column":17},"end":{"line":43,"column":2}},"27":{"start":{"line":45,"column":13},"end":{"line":75,"column":3}},"28":{"start":{"line":77,"column":25},"end":{"line":94,"column":1}},"29":{"start":{"line":78,"column":2},"end":{"line":93,"column":3}},"30":{"start":{"line":79,"column":4},"end":{"line":79,"column":50}},"31":{"start":{"line":80,"column":4},"end":{"line":80,"column":99}},"32":{"start":{"line":81,"column":4},"end":{"line":81,"column":69}},"33":{"start":{"line":82,"column":4},"end":{"line":82,"column":69}},"34":{"start":{"line":84,"column":4},"end":{"line":84,"column":37}},"35":{"start":{"line":85,"column":4},"end":{"line":85,"column":55}},"36":{"start":{"line":87,"column":4},"end":{"line":87,"column":57}},"37":{"start":{"line":88,"column":4},"end":{"line":88,"column":41}},"38":{"start":{"line":89,"column":4},"end":{"line":89,"column":61}},"39":{"start":{"line":90,"column":4},"end":{"line":90,"column":63}},"40":{"start":{"line":91,"column":4},"end":{"line":91,"column":56}},"41":{"start":{"line":92,"column":4},"end":{"line":92,"column":20}},"42":{"start":{"line":77,"column":13},"end":{"line":77,"column":25}},"43":{"start":{"line":96,"column":0},"end":{"line":96,"column":29}}},"fnMap":{"0":{"name":"(anonymous_1)","decl":{"start":{"line":77,"column":25},"end":{"line":77,"column":30}},"loc":{"start":{"line":77,"column":51},"end":{"line":94,"column":1}}}},"branchMap":{"0":{"loc":{"start":{"line":30,"column":19},"end":{"line":30,"column":114}},"type":"binary-expr","locations":[{"start":{"line":30,"column":19},"end":{"line":30,"column":62}},{"start":{"line":30,"column":66},"end":{"line":30,"column":114}}]},"1":{"loc":{"start":{"line":31,"column":17},"end":{"line":43,"column":2}},"type":"cond-expr","locations":[{"start":{"line":31,"column":44},"end":{"line":35,"column":2}},{"start":{"line":35,"column":4},"end":{"line":43,"column":2}}]},"2":{"loc":{"start":{"line":34,"column":7},"end":{"line":34,"column":57}},"type":"cond-expr","locations":[{"start":{"line":34,"column":20},"end":{"line":34,"column":49}},{"start":{"line":34,"column":52},"end":{"line":34,"column":57}}]},"3":{"loc":{"start":{"line":37,"column":8},"end":{"line":37,"column":42}},"type":"binary-expr","locations":[{"start":{"line":37,"column":8},"end":{"line":37,"column":27}},{"start":{"line":37,"column":31},"end":{"line":37,"column":42}}]},"4":{"loc":{"start":{"line":38,"column":17},"end":{"line":38,"column":46}},"type":"binary-expr","locations":[{"start":{"line":38,"column":17},"end":{"line":38,"column":36}},{"start":{"line":38,"column":40},"end":{"line":38,"column":46}}]},"5":{"loc":{"start":{"line":39,"column":12},"end":{"line":39,"column":49}},"type":"binary-expr","locations":[{"start":{"line":39,"column":12},"end":{"line":39,"column":35}},{"start":{"line":39,"column":39},"end":{"line":39,"column":49}}]},"6":{"loc":{"start":{"line":40,"column":12},"end":{"line":40,"column":41}},"type":"binary-expr","locations":[{"start":{"line":40,"column":12},"end":{"line":40,"column":35}},{"start":{"line":40,"column":39},"end":{"line":40,"column":41}}]},"7":{"loc":{"start":{"line":41,"column":12},"end":{"line":41,"column":45}},"type":"binary-expr","locations":[{"start":{"line":41,"column":12},"end":{"line":41,"column":31}},{"start":{"line":41,"column":35},"end":{"line":41,"column":45}}]},"8":{"loc":{"start":{"line":42,"column":7},"end":{"line":42,"column":57}},"type":"cond-expr","locations":[{"start":{"line":42,"column":20},"end":{"line":42,"column":49}},{"start":{"line":42,"column":52},"end":{"line":42,"column":57}}]},"9":{"loc":{"start":{"line":80,"column":28},"end":{"line":80,"column":62}},"type":"binary-expr","locations":[{"start":{"line":80,"column":28},"end":{"line":80,"column":47}},{"start":{"line":80,"column":51},"end":{"line":80,"column":62}}]},"10":{"loc":{"start":{"line":80,"column":66},"end":{"line":80,"column":95}},"type":"binary-expr","locations":[{"start":{"line":80,"column":66},"end":{"line":80,"column":85}},{"start":{"line":80,"column":89},"end":{"line":80,"column":95}}]},"11":{"loc":{"start":{"line":81,"column":28},"end":{"line":81,"column":65}},"type":"binary-expr","locations":[{"start":{"line":81,"column":28},"end":{"line":81,"column":51}},{"start":{"line":81,"column":55},"end":{"line":81,"column":65}}]},"12":{"loc":{"start":{"line":82,"column":32},"end":{"line":82,"column":65}},"type":"binary-expr","locations":[{"start":{"line":82,"column":32},"end":{"line":82,"column":51}},{"start":{"line":82,"column":55},"end":{"line":82,"column":65}}]}},"s":{"0":0,"1":0,"2":0,"3":0,"4":0,"5":0,"6":0,"7":0,"8":0,"9":0,"10":0,"11":0,"12":0,"13":0,"14":0,"15":0,"16":0,"17":0,"18":0,"19":0,"20":0,"21":0,"22":0,"23":0,"24":0,"25":0,"26":0,"27":0,"28":0,"29":0,"30":0,"31":0,"32":0,"33":0,"34":0,"35":0,"36":0,"37":0,"38":0,"39":0,"40":0,"41":0,"42":0,"43":0},"f":{"0":0},"b":{"0":[0,0],"1":[0,0],"2":[0,0],"3":[0,0],"4":[0,0],"5":[0,0],"6":[0,0],"7":[0,0],"8":[0,0],"9":[0,0],"10":[0,0],"11":[0,0],"12":[0,0]}},"/home/bekolozi/Desktop/homevend/server/src/models/City.ts":{"path":"/home/bekolozi/Desktop/homevend/server/src/models/City.ts","statementMap":{"0":{"start":{"line":1,"column":0},"end":{"line":1,"column":null}},"1":{"start":{"line":9,"column":0},"end":{"line":9,"column":41}},"2":{"start":{"line":12,"column":7},"end":{"line":43,"column":null}},"3":{"start":{"line":12,"column":13},"end":{"line":12,"column":17}},"4":{"start":{"line":14,"column":2},"end":{"line":14,"column":null}},"5":{"start":{"line":17,"column":2},"end":{"line":17,"column":null}},"6":{"start":{"line":20,"column":2},"end":{"line":20,"column":null}},"7":{"start":{"line":23,"column":2},"end":{"line":23,"column":null}},"8":{"start":{"line":26,"column":2},"end":{"line":26,"column":null}},"9":{"start":{"line":29,"column":2},"end":{"line":29,"column":null}},"10":{"start":{"line":32,"column":2},"end":{"line":32,"column":null}},"11":{"start":{"line":35,"column":2},"end":{"line":35,"column":null}},"12":{"start":{"line":38,"column":2},"end":{"line":38,"column":null}},"13":{"start":{"line":42,"column":2},"end":{"line":42,"column":null}},"14":{"start":{"line":41,"column":19},"end":{"line":41,"column":27}},"15":{"start":{"line":41,"column":41},"end":{"line":41,"column":54}},"16":{"start":{"line":12,"column":13},"end":{"line":43,"column":null}}},"fnMap":{"0":{"name":"(anonymous_2)","decl":{"start":{"line":41,"column":13},"end":{"line":41,"column":16}},"loc":{"start":{"line":41,"column":19},"end":{"line":41,"column":27}}},"1":{"name":"(anonymous_3)","decl":{"start":{"line":41,"column":29},"end":{"line":41,"column":37}},"loc":{"start":{"line":41,"column":41},"end":{"line":41,"column":54}}}},"branchMap":{"0":{"loc":{"start":{"line":35,"column":14},"end":{"line":35,"column":19}},"type":"cond-expr","locations":[{"start":{"line":35,"column":18},"end":{"line":35,"column":19}},{"start":{"line":35,"column":18},"end":{"line":35,"column":19}}]},"1":{"loc":{"start":{"line":35,"column":14},"end":{"line":35,"column":18}},"type":"binary-expr","locations":[{"start":{"line":35,"column":14},"end":{"line":35,"column":19}},{"start":{"line":35,"column":14},"end":{"line":35,"column":18}}]},"2":{"loc":{"start":{"line":38,"column":14},"end":{"line":38,"column":19}},"type":"cond-expr","locations":[{"start":{"line":38,"column":18},"end":{"line":38,"column":19}},{"start":{"line":38,"column":18},"end":{"line":38,"column":19}}]},"3":{"loc":{"start":{"line":38,"column":14},"end":{"line":38,"column":18}},"type":"binary-expr","locations":[{"start":{"line":38,"column":14},"end":{"line":38,"column":19}},{"start":{"line":38,"column":14},"end":{"line":38,"column":18}}]}},"s":{"0":0,"1":0,"2":0,"3":0,"4":0,"5":0,"6":0,"7":0,"8":0,"9":0,"10":0,"11":0,"12":0,"13":0,"14":0,"15":0,"16":0},"f":{"0":0,"1":0},"b":{"0":[0,0],"1":[0,0],"2":[0,0],"3":[0,0]}},"/home/bekolozi/Desktop/homevend/server/src/models/Agency.ts":{"path":"/home/bekolozi/Desktop/homevend/server/src/models/Agency.ts","statementMap":{"0":{"start":{"line":1,"column":0},"end":{"line":1,"column":null}},"1":{"start":{"line":12,"column":0},"end":{"line":12,"column":33}},"2":{"start":{"line":16,"column":7},"end":{"line":101,"column":null}},"3":{"start":{"line":16,"column":13},"end":{"line":16,"column":19}},"4":{"start":{"line":18,"column":2},"end":{"line":18,"column":null}},"5":{"start":{"line":21,"column":2},"end":{"line":21,"column":null}},"6":{"start":{"line":25,"column":2},"end":{"line":25,"column":null}},"7":{"start":{"line":29,"column":2},"end":{"line":29,"column":null}},"8":{"start":{"line":27,"column":18},"end":{"line":27,"column":22}},"9":{"start":{"line":33,"column":2},"end":{"line":33,"column":null}},"10":{"start":{"line":36,"column":2},"end":{"line":36,"column":null}},"11":{"start":{"line":39,"column":2},"end":{"line":39,"column":null}},"12":{"start":{"line":42,"column":2},"end":{"line":42,"column":null}},"13":{"start":{"line":45,"column":2},"end":{"line":45,"column":null}},"14":{"start":{"line":48,"column":2},"end":{"line":48,"column":null}},"15":{"start":{"line":52,"column":2},"end":{"line":52,"column":null}},"16":{"start":{"line":55,"column":2},"end":{"line":55,"column":null}},"17":{"start":{"line":59,"column":2},"end":{"line":59,"column":null}},"18":{"start":{"line":62,"column":2},"end":{"line":62,"column":null}},"19":{"start":{"line":66,"column":2},"end":{"line":66,"column":null}},"20":{"start":{"line":69,"column":2},"end":{"line":69,"column":null}},"21":{"start":{"line":73,"column":2},"end":{"line":73,"column":null}},"22":{"start":{"line":76,"column":2},"end":{"line":76,"column":null}},"23":{"start":{"line":80,"column":2},"end":{"line":80,"column":null}},"24":{"start":{"line":83,"column":2},"end":{"line":83,"column":null}},"25":{"start":{"line":86,"column":2},"end":{"line":86,"column":null}},"26":{"start":{"line":90,"column":2},"end":{"line":90,"column":null}},"27":{"start":{"line":93,"column":2},"end":{"line":93,"column":null}},"28":{"start":{"line":97,"column":2},"end":{"line":97,"column":null}},"29":{"start":{"line":100,"column":2},"end":{"line":100,"column":null}},"30":{"start":{"line":16,"column":13},"end":{"line":101,"column":null}}},"fnMap":{"0":{"name":"(anonymous_2)","decl":{"start":{"line":27,"column":12},"end":{"line":27,"column":15}},"loc":{"start":{"line":27,"column":18},"end":{"line":27,"column":22}}}},"branchMap":{"0":{"loc":{"start":{"line":29,"column":10},"end":{"line":29,"column":15}},"type":"cond-expr","locations":[{"start":{"line":29,"column":14},"end":{"line":29,"column":15}},{"start":{"line":29,"column":14},"end":{"line":29,"column":15}}]},"1":{"loc":{"start":{"line":29,"column":10},"end":{"line":29,"column":14}},"type":"binary-expr","locations":[{"start":{"line":29,"column":10},"end":{"line":29,"column":15}},{"start":{"line":29,"column":10},"end":{"line":29,"column":14}}]},"2":{"loc":{"start":{"line":90,"column":11},"end":{"line":90,"column":26}},"type":"cond-expr","locations":[{"start":{"line":90,"column":18},"end":{"line":90,"column":26}},{"start":{"line":90,"column":18},"end":{"line":90,"column":26}}]},"3":{"loc":{"start":{"line":90,"column":11},"end":{"line":90,"column":18}},"type":"binary-expr","locations":[{"start":{"line":90,"column":11},"end":{"line":90,"column":26}},{"start":{"line":90,"column":11},"end":{"line":90,"column":18}}]},"4":{"loc":{"start":{"line":93,"column":15},"end":{"line":93,"column":30}},"type":"cond-expr","locations":[{"start":{"line":93,"column":22},"end":{"line":93,"column":30}},{"start":{"line":93,"column":22},"end":{"line":93,"column":30}}]},"5":{"loc":{"start":{"line":93,"column":15},"end":{"line":93,"column":22}},"type":"binary-expr","locations":[{"start":{"line":93,"column":15},"end":{"line":93,"column":30}},{"start":{"line":93,"column":15},"end":{"line":93,"column":22}}]},"6":{"loc":{"start":{"line":97,"column":14},"end":{"line":97,"column":19}},"type":"cond-expr","locations":[{"start":{"line":97,"column":18},"end":{"line":97,"column":19}},{"start":{"line":97,"column":18},"end":{"line":97,"column":19}}]},"7":{"loc":{"start":{"line":97,"column":14},"end":{"line":97,"column":18}},"type":"binary-expr","locations":[{"start":{"line":97,"column":14},"end":{"line":97,"column":19}},{"start":{"line":97,"column":14},"end":{"line":97,"column":18}}]},"8":{"loc":{"start":{"line":100,"column":14},"end":{"line":100,"column":19}},"type":"cond-expr","locations":[{"start":{"line":100,"column":18},"end":{"line":100,"column":19}},{"start":{"line":100,"column":18},"end":{"line":100,"column":19}}]},"9":{"loc":{"start":{"line":100,"column":14},"end":{"line":100,"column":18}},"type":"binary-expr","locations":[{"start":{"line":100,"column":14},"end":{"line":100,"column":19}},{"start":{"line":100,"column":14},"end":{"line":100,"column":18}}]}},"s":{"0":0,"1":0,"2":0,"3":0,"4":0,"5":0,"6":0,"7":0,"8":0,"9":0,"10":0,"11":0,"12":0,"13":0,"14":0,"15":0,"16":0,"17":0,"18":0,"19":0,"20":0,"21":0,"22":0,"23":0,"24":0,"25":0,"26":0,"27":0,"28":0,"29":0,"30":0},"f":{"0":0},"b":{"0":[0,0],"1":[0,0],"2":[0,0],"3":[0,0],"4":[0,0],"5":[0,0],"6":[0,0],"7":[0,0],"8":[0,0],"9":[0,0]}},"/home/bekolozi/Desktop/homevend/server/src/models/District.ts":{"path":"/home/bekolozi/Desktop/homevend/server/src/models/District.ts","statementMap":{"0":{"start":{"line":1,"column":0},"end":{"line":1,"column":null}},"1":{"start":{"line":16,"column":7},"end":{"line":78,"column":null}},"2":{"start":{"line":16,"column":13},"end":{"line":16,"column":21}},"3":{"start":{"line":18,"column":2},"end":{"line":18,"column":null}},"4":{"start":{"line":27,"column":2},"end":{"line":27,"column":19}},"5":{"start":{"line":36,"column":2},"end":{"line":36,"column":19}},"6":{"start":{"line":45,"column":2},"end":{"line":45,"column":19}},"7":{"start":{"line":51,"column":2},"end":{"line":51,"column":null}},"8":{"start":{"line":61,"column":2},"end":{"line":61,"column":null}},"9":{"start":{"line":68,"column":2},"end":{"line":68,"column":null}},"10":{"start":{"line":71,"column":2},"end":{"line":71,"column":null}},"11":{"start":{"line":74,"column":2},"end":{"line":74,"column":null}},"12":{"start":{"line":77,"column":2},"end":{"line":77,"column":null}},"13":{"start":{"line":16,"column":13},"end":{"line":78,"column":null}}},"fnMap":{},"branchMap":{"0":{"loc":{"start":{"line":74,"column":14},"end":{"line":74,"column":19}},"type":"cond-expr","locations":[{"start":{"line":74,"column":18},"end":{"line":74,"column":19}},{"start":{"line":74,"column":18},"end":{"line":74,"column":19}}]},"1":{"loc":{"start":{"line":74,"column":14},"end":{"line":74,"column":18}},"type":"binary-expr","locations":[{"start":{"line":74,"column":14},"end":{"line":74,"column":19}},{"start":{"line":74,"column":14},"end":{"line":74,"column":18}}]},"2":{"loc":{"start":{"line":77,"column":14},"end":{"line":77,"column":19}},"type":"cond-expr","locations":[{"start":{"line":77,"column":18},"end":{"line":77,"column":19}},{"start":{"line":77,"column":18},"end":{"line":77,"column":19}}]},"3":{"loc":{"start":{"line":77,"column":14},"end":{"line":77,"column":18}},"type":"binary-expr","locations":[{"start":{"line":77,"column":14},"end":{"line":77,"column":19}},{"start":{"line":77,"column":14},"end":{"line":77,"column":18}}]}},"s":{"0":0,"1":0,"2":0,"3":0,"4":0,"5":0,"6":0,"7":0,"8":0,"9":0,"10":0,"11":0,"12":0,"13":0},"f":{},"b":{"0":[0,0],"1":[0,0],"2":[0,0],"3":[0,0]}},"/home/bekolozi/Desktop/homevend/server/src/models/Developer.ts":{"path":"/home/bekolozi/Desktop/homevend/server/src/models/Developer.ts","statementMap":{"0":{"start":{"line":1,"column":0},"end":{"line":1,"column":null}},"1":{"start":{"line":12,"column":0},"end":{"line":12,"column":33}},"2":{"start":{"line":17,"column":7},"end":{"line":99,"column":null}},"3":{"start":{"line":17,"column":13},"end":{"line":17,"column":22}},"4":{"start":{"line":19,"column":2},"end":{"line":19,"column":null}},"5":{"start":{"line":22,"column":2},"end":{"line":22,"column":null}},"6":{"start":{"line":26,"column":2},"end":{"line":26,"column":null}},"7":{"start":{"line":30,"column":2},"end":{"line":30,"column":null}},"8":{"start":{"line":28,"column":18},"end":{"line":28,"column":22}},"9":{"start":{"line":34,"column":2},"end":{"line":34,"column":null}},"10":{"start":{"line":37,"column":2},"end":{"line":37,"column":null}},"11":{"start":{"line":40,"column":2},"end":{"line":40,"column":null}},"12":{"start":{"line":43,"column":2},"end":{"line":43,"column":null}},"13":{"start":{"line":46,"column":2},"end":{"line":46,"column":null}},"14":{"start":{"line":49,"column":2},"end":{"line":49,"column":null}},"15":{"start":{"line":53,"column":2},"end":{"line":53,"column":null}},"16":{"start":{"line":57,"column":2},"end":{"line":57,"column":null}},"17":{"start":{"line":60,"column":2},"end":{"line":60,"column":null}},"18":{"start":{"line":64,"column":2},"end":{"line":64,"column":null}},"19":{"start":{"line":67,"column":2},"end":{"line":67,"column":null}},"20":{"start":{"line":71,"column":2},"end":{"line":71,"column":null}},"21":{"start":{"line":74,"column":2},"end":{"line":74,"column":null}},"22":{"start":{"line":78,"column":2},"end":{"line":78,"column":null}},"23":{"start":{"line":81,"column":2},"end":{"line":81,"column":null}},"24":{"start":{"line":84,"column":2},"end":{"line":84,"column":null}},"25":{"start":{"line":95,"column":2},"end":{"line":95,"column":null}},"26":{"start":{"line":98,"column":2},"end":{"line":98,"column":null}},"27":{"start":{"line":17,"column":13},"end":{"line":99,"column":null}}},"fnMap":{"0":{"name":"(anonymous_2)","decl":{"start":{"line":28,"column":12},"end":{"line":28,"column":15}},"loc":{"start":{"line":28,"column":18},"end":{"line":28,"column":22}}}},"branchMap":{"0":{"loc":{"start":{"line":30,"column":10},"end":{"line":30,"column":15}},"type":"cond-expr","locations":[{"start":{"line":30,"column":14},"end":{"line":30,"column":15}},{"start":{"line":30,"column":14},"end":{"line":30,"column":15}}]},"1":{"loc":{"start":{"line":30,"column":10},"end":{"line":30,"column":14}},"type":"binary-expr","locations":[{"start":{"line":30,"column":10},"end":{"line":30,"column":15}},{"start":{"line":30,"column":10},"end":{"line":30,"column":14}}]},"2":{"loc":{"start":{"line":95,"column":14},"end":{"line":95,"column":19}},"type":"cond-expr","locations":[{"start":{"line":95,"column":18},"end":{"line":95,"column":19}},{"start":{"line":95,"column":18},"end":{"line":95,"column":19}}]},"3":{"loc":{"start":{"line":95,"column":14},"end":{"line":95,"column":18}},"type":"binary-expr","locations":[{"start":{"line":95,"column":14},"end":{"line":95,"column":19}},{"start":{"line":95,"column":14},"end":{"line":95,"column":18}}]},"4":{"loc":{"start":{"line":98,"column":14},"end":{"line":98,"column":19}},"type":"cond-expr","locations":[{"start":{"line":98,"column":18},"end":{"line":98,"column":19}},{"start":{"line":98,"column":18},"end":{"line":98,"column":19}}]},"5":{"loc":{"start":{"line":98,"column":14},"end":{"line":98,"column":18}},"type":"binary-expr","locations":[{"start":{"line":98,"column":14},"end":{"line":98,"column":19}},{"start":{"line":98,"column":14},"end":{"line":98,"column":18}}]}},"s":{"0":0,"1":0,"2":0,"3":0,"4":0,"5":0,"6":0,"7":0,"8":0,"9":0,"10":0,"11":0,"12":0,"13":0,"14":0,"15":0,"16":0,"17":0,"18":0,"19":0,"20":0,"21":0,"22":0,"23":0,"24":0,"25":0,"26":0,"27":0},"f":{"0":0},"b":{"0":[0,0],"1":[0,0],"2":[0,0],"3":[0,0],"4":[0,0],"5":[0,0]}},"/home/bekolozi/Desktop/homevend/server/src/models/PriceStatistic.ts":{"path":"/home/bekolozi/Desktop/homevend/server/src/models/PriceStatistic.ts","statementMap":{"0":{"start":{"line":1,"column":0},"end":{"line":1,"column":null}},"1":{"start":{"line":18,"column":7},"end":{"line":115,"column":null}},"2":{"start":{"line":18,"column":13},"end":{"line":18,"column":27}},"3":{"start":{"line":20,"column":2},"end":{"line":20,"column":null}},"4":{"start":{"line":27,"column":2},"end":{"line":27,"column":null}},"5":{"start":{"line":31,"column":2},"end":{"line":31,"column":null}},"6":{"start":{"line":39,"column":2},"end":{"line":39,"column":25}},"7":{"start":{"line":47,"column":2},"end":{"line":47,"column":21}},"8":{"start":{"line":56,"column":2},"end":{"line":56,"column":31}},"9":{"start":{"line":65,"column":2},"end":{"line":65,"column":27}},"10":{"start":{"line":74,"column":2},"end":{"line":74,"column":27}},"11":{"start":{"line":81,"column":2},"end":{"line":81,"column":21}},"12":{"start":{"line":88,"column":2},"end":{"line":88,"column":19}},"13":{"start":{"line":95,"column":2},"end":{"line":95,"column":23}},"14":{"start":{"line":102,"column":2},"end":{"line":102,"column":null}},"15":{"start":{"line":108,"column":2},"end":{"line":108,"column":null}},"16":{"start":{"line":111,"column":2},"end":{"line":111,"column":null}},"17":{"start":{"line":114,"column":2},"end":{"line":114,"column":null}},"18":{"start":{"line":18,"column":13},"end":{"line":115,"column":null}}},"fnMap":{},"branchMap":{"0":{"loc":{"start":{"line":111,"column":14},"end":{"line":111,"column":19}},"type":"cond-expr","locations":[{"start":{"line":111,"column":18},"end":{"line":111,"column":19}},{"start":{"line":111,"column":18},"end":{"line":111,"column":19}}]},"1":{"loc":{"start":{"line":111,"column":14},"end":{"line":111,"column":18}},"type":"binary-expr","locations":[{"start":{"line":111,"column":14},"end":{"line":111,"column":19}},{"start":{"line":111,"column":14},"end":{"line":111,"column":18}}]},"2":{"loc":{"start":{"line":114,"column":14},"end":{"line":114,"column":19}},"type":"cond-expr","locations":[{"start":{"line":114,"column":18},"end":{"line":114,"column":19}},{"start":{"line":114,"column":18},"end":{"line":114,"column":19}}]},"3":{"loc":{"start":{"line":114,"column":14},"end":{"line":114,"column":18}},"type":"binary-expr","locations":[{"start":{"line":114,"column":14},"end":{"line":114,"column":19}},{"start":{"line":114,"column":14},"end":{"line":114,"column":18}}]}},"s":{"0":0,"1":0,"2":0,"3":0,"4":0,"5":0,"6":0,"7":0,"8":0,"9":0,"10":0,"11":0,"12":0,"13":0,"14":0,"15":0,"16":0,"17":0,"18":0},"f":{},"b":{"0":[0,0],"1":[0,0],"2":[0,0],"3":[0,0]}},"/home/bekolozi/Desktop/homevend/server/src/models/Area.ts":{"path":"/home/bekolozi/Desktop/homevend/server/src/models/Area.ts","statementMap":{"0":{"start":{"line":1,"column":0},"end":{"line":1,"column":null}},"1":{"start":{"line":11,"column":0},"end":{"line":11,"column":33}},"2":{"start":{"line":18,"column":7},"end":{"line":78,"column":null}},"3":{"start":{"line":18,"column":13},"end":{"line":18,"column":17}},"4":{"start":{"line":20,"column":2},"end":{"line":20,"column":null}},"5":{"start":{"line":27,"column":2},"end":{"line":27,"column":null}},"6":{"start":{"line":36,"column":2},"end":{"line":36,"column":19}},"7":{"start":{"line":45,"column":2},"end":{"line":45,"column":19}},"8":{"start":{"line":54,"column":2},"end":{"line":54,"column":19}},"9":{"start":{"line":60,"column":2},"end":{"line":60,"column":null}},"10":{"start":{"line":67,"column":2},"end":{"line":67,"column":null}},"11":{"start":{"line":71,"column":2},"end":{"line":71,"column":null}},"12":{"start":{"line":69,"column":19},"end":{"line":69,"column":23}},"13":{"start":{"line":74,"column":2},"end":{"line":74,"column":null}},"14":{"start":{"line":77,"column":2},"end":{"line":77,"column":null}},"15":{"start":{"line":18,"column":13},"end":{"line":78,"column":null}}},"fnMap":{"0":{"name":"(anonymous_2)","decl":{"start":{"line":69,"column":13},"end":{"line":69,"column":16}},"loc":{"start":{"line":69,"column":19},"end":{"line":69,"column":23}}}},"branchMap":{"0":{"loc":{"start":{"line":71,"column":9},"end":{"line":71,"column":14}},"type":"cond-expr","locations":[{"start":{"line":71,"column":13},"end":{"line":71,"column":14}},{"start":{"line":71,"column":13},"end":{"line":71,"column":14}}]},"1":{"loc":{"start":{"line":71,"column":9},"end":{"line":71,"column":13}},"type":"binary-expr","locations":[{"start":{"line":71,"column":9},"end":{"line":71,"column":14}},{"start":{"line":71,"column":9},"end":{"line":71,"column":13}}]},"2":{"loc":{"start":{"line":74,"column":14},"end":{"line":74,"column":19}},"type":"cond-expr","locations":[{"start":{"line":74,"column":18},"end":{"line":74,"column":19}},{"start":{"line":74,"column":18},"end":{"line":74,"column":19}}]},"3":{"loc":{"start":{"line":74,"column":14},"end":{"line":74,"column":18}},"type":"binary-expr","locations":[{"start":{"line":74,"column":14},"end":{"line":74,"column":19}},{"start":{"line":74,"column":14},"end":{"line":74,"column":18}}]},"4":{"loc":{"start":{"line":77,"column":14},"end":{"line":77,"column":19}},"type":"cond-expr","locations":[{"start":{"line":77,"column":18},"end":{"line":77,"column":19}},{"start":{"line":77,"column":18},"end":{"line":77,"column":19}}]},"5":{"loc":{"start":{"line":77,"column":14},"end":{"line":77,"column":18}},"type":"binary-expr","locations":[{"start":{"line":77,"column":14},"end":{"line":77,"column":19}},{"start":{"line":77,"column":14},"end":{"line":77,"column":18}}]}},"s":{"0":0,"1":0,"2":0,"3":0,"4":0,"5":0,"6":0,"7":0,"8":0,"9":0,"10":0,"11":0,"12":0,"13":0,"14":0,"15":0},"f":{"0":0},"b":{"0":[0,0],"1":[0,0],"2":[0,0],"3":[0,0],"4":[0,0],"5":[0,0]}},"/home/bekolozi/Desktop/homevend/server/src/models/PropertyInquiry.ts":{"path":"/home/bekolozi/Desktop/homevend/server/src/models/PropertyInquiry.ts","statementMap":{"0":{"start":{"line":1,"column":0},"end":{"line":1,"column":null}},"1":{"start":{"line":9,"column":0},"end":{"line":9,"column":33}},"2":{"start":{"line":10,"column":0},"end":{"line":10,"column":41}},"3":{"start":{"line":13,"column":7},"end":{"line":57,"column":null}},"4":{"start":{"line":13,"column":13},"end":{"line":13,"column":28}},"5":{"start":{"line":15,"column":2},"end":{"line":15,"column":null}},"6":{"start":{"line":18,"column":2},"end":{"line":18,"column":null}},"7":{"start":{"line":22,"column":2},"end":{"line":22,"column":null}},"8":{"start":{"line":20,"column":19},"end":{"line":20,"column":27}},"9":{"start":{"line":25,"column":2},"end":{"line":25,"column":null}},"10":{"start":{"line":29,"column":2},"end":{"line":29,"column":null}},"11":{"start":{"line":27,"column":19},"end":{"line":27,"column":23}},"12":{"start":{"line":32,"column":2},"end":{"line":32,"column":null}},"13":{"start":{"line":35,"column":2},"end":{"line":35,"column":null}},"14":{"start":{"line":38,"column":2},"end":{"line":38,"column":null}},"15":{"start":{"line":41,"column":2},"end":{"line":41,"column":null}},"16":{"start":{"line":44,"column":2},"end":{"line":44,"column":null}},"17":{"start":{"line":47,"column":2},"end":{"line":47,"column":null}},"18":{"start":{"line":50,"column":2},"end":{"line":50,"column":null}},"19":{"start":{"line":53,"column":2},"end":{"line":53,"column":null}},"20":{"start":{"line":56,"column":2},"end":{"line":56,"column":null}},"21":{"start":{"line":13,"column":13},"end":{"line":57,"column":null}}},"fnMap":{"0":{"name":"(anonymous_2)","decl":{"start":{"line":20,"column":13},"end":{"line":20,"column":16}},"loc":{"start":{"line":20,"column":19},"end":{"line":20,"column":27}}},"1":{"name":"(anonymous_3)","decl":{"start":{"line":27,"column":13},"end":{"line":27,"column":16}},"loc":{"start":{"line":27,"column":19},"end":{"line":27,"column":23}}}},"branchMap":{"0":{"loc":{"start":{"line":22,"column":13},"end":{"line":22,"column":22}},"type":"cond-expr","locations":[{"start":{"line":22,"column":21},"end":{"line":22,"column":22}},{"start":{"line":22,"column":21},"end":{"line":22,"column":22}}]},"1":{"loc":{"start":{"line":22,"column":13},"end":{"line":22,"column":21}},"type":"binary-expr","locations":[{"start":{"line":22,"column":13},"end":{"line":22,"column":22}},{"start":{"line":22,"column":13},"end":{"line":22,"column":21}}]},"2":{"loc":{"start":{"line":29,"column":9},"end":{"line":29,"column":14}},"type":"cond-expr","locations":[{"start":{"line":29,"column":13},"end":{"line":29,"column":14}},{"start":{"line":29,"column":13},"end":{"line":29,"column":14}}]},"3":{"loc":{"start":{"line":29,"column":9},"end":{"line":29,"column":13}},"type":"binary-expr","locations":[{"start":{"line":29,"column":9},"end":{"line":29,"column":14}},{"start":{"line":29,"column":9},"end":{"line":29,"column":13}}]},"4":{"loc":{"start":{"line":53,"column":16},"end":{"line":53,"column":21}},"type":"cond-expr","locations":[{"start":{"line":53,"column":20},"end":{"line":53,"column":21}},{"start":{"line":53,"column":20},"end":{"line":53,"column":21}}]},"5":{"loc":{"start":{"line":53,"column":16},"end":{"line":53,"column":20}},"type":"binary-expr","locations":[{"start":{"line":53,"column":16},"end":{"line":53,"column":21}},{"start":{"line":53,"column":16},"end":{"line":53,"column":20}}]},"6":{"loc":{"start":{"line":56,"column":14},"end":{"line":56,"column":19}},"type":"cond-expr","locations":[{"start":{"line":56,"column":18},"end":{"line":56,"column":19}},{"start":{"line":56,"column":18},"end":{"line":56,"column":19}}]},"7":{"loc":{"start":{"line":56,"column":14},"end":{"line":56,"column":18}},"type":"binary-expr","locations":[{"start":{"line":56,"column":14},"end":{"line":56,"column":19}},{"start":{"line":56,"column":14},"end":{"line":56,"column":18}}]}},"s":{"0":0,"1":0,"2":0,"3":0,"4":0,"5":0,"6":0,"7":0,"8":0,"9":0,"10":0,"11":0,"12":0,"13":0,"14":0,"15":0,"16":0,"17":0,"18":0,"19":0,"20":0,"21":0},"f":{"0":0,"1":0},"b":{"0":[0,0],"1":[0,0],"2":[0,0],"3":[0,0],"4":[0,0],"5":[0,0],"6":[0,0],"7":[0,0]}},"/home/bekolozi/Desktop/homevend/server/src/models/ProjectAmenity.ts":{"path":"/home/bekolozi/Desktop/homevend/server/src/models/ProjectAmenity.ts","statementMap":{"0":{"start":{"line":1,"column":0},"end":{"line":1,"column":131}},"1":{"start":{"line":2,"column":0},"end":{"line":2,"column":39}},"2":{"start":{"line":4,"column":0},"end":{"line":4,"column":null}},"3":{"start":{"line":5,"column":2},"end":{"line":5,"column":null}},"4":{"start":{"line":6,"column":2},"end":{"line":6,"column":null}},"5":{"start":{"line":7,"column":2},"end":{"line":7,"column":null}},"6":{"start":{"line":8,"column":2},"end":{"line":8,"column":31}},"7":{"start":{"line":13,"column":7},"end":{"line":48,"column":null}},"8":{"start":{"line":13,"column":13},"end":{"line":13,"column":27}},"9":{"start":{"line":15,"column":2},"end":{"line":15,"column":null}},"10":{"start":{"line":18,"column":2},"end":{"line":18,"column":null}},"11":{"start":{"line":22,"column":2},"end":{"line":22,"column":null}},"12":{"start":{"line":20,"column":19},"end":{"line":20,"column":26}},"13":{"start":{"line":20,"column":39},"end":{"line":20,"column":56}},"14":{"start":{"line":25,"column":2},"end":{"line":25,"column":24}},"15":{"start":{"line":32,"column":2},"end":{"line":32,"column":null}},"16":{"start":{"line":35,"column":2},"end":{"line":35,"column":25}},"17":{"start":{"line":38,"column":2},"end":{"line":38,"column":null}},"18":{"start":{"line":41,"column":2},"end":{"line":41,"column":18}},"19":{"start":{"line":44,"column":2},"end":{"line":44,"column":null}},"20":{"start":{"line":47,"column":2},"end":{"line":47,"column":null}},"21":{"start":{"line":13,"column":13},"end":{"line":48,"column":null}},"22":{"start":{"line":51,"column":13},"end":{"line":105,"column":11}}},"fnMap":{"0":{"name":"(anonymous_2)","decl":{"start":{"line":4,"column":0},"end":{"line":4,"column":12}},"loc":{"start":{"line":4,"column":31},"end":{"line":9,"column":1}}},"1":{"name":"(anonymous_3)","decl":{"start":{"line":20,"column":13},"end":{"line":20,"column":16}},"loc":{"start":{"line":20,"column":19},"end":{"line":20,"column":26}}},"2":{"name":"(anonymous_4)","decl":{"start":{"line":20,"column":28},"end":{"line":20,"column":35}},"loc":{"start":{"line":20,"column":39},"end":{"line":20,"column":56}}}},"branchMap":{"0":{"loc":{"start":{"line":4,"column":12},"end":{"line":4,"column":null}},"type":"binary-expr","locations":[{"start":{"line":4,"column":12},"end":{"line":4,"column":31}},{"start":{"line":4,"column":31},"end":{"line":4,"column":null}}]},"1":{"loc":{"start":{"line":22,"column":12},"end":{"line":22,"column":20}},"type":"cond-expr","locations":[{"start":{"line":22,"column":19},"end":{"line":22,"column":20}},{"start":{"line":22,"column":19},"end":{"line":22,"column":20}}]},"2":{"loc":{"start":{"line":22,"column":12},"end":{"line":22,"column":19}},"type":"binary-expr","locations":[{"start":{"line":22,"column":12},"end":{"line":22,"column":20}},{"start":{"line":22,"column":12},"end":{"line":22,"column":19}}]},"3":{"loc":{"start":{"line":44,"column":14},"end":{"line":44,"column":19}},"type":"cond-expr","locations":[{"start":{"line":44,"column":18},"end":{"line":44,"column":19}},{"start":{"line":44,"column":18},"end":{"line":44,"column":19}}]},"4":{"loc":{"start":{"line":44,"column":14},"end":{"line":44,"column":18}},"type":"binary-expr","locations":[{"start":{"line":44,"column":14},"end":{"line":44,"column":19}},{"start":{"line":44,"column":14},"end":{"line":44,"column":18}}]},"5":{"loc":{"start":{"line":47,"column":14},"end":{"line":47,"column":19}},"type":"cond-expr","locations":[{"start":{"line":47,"column":18},"end":{"line":47,"column":19}},{"start":{"line":47,"column":18},"end":{"line":47,"column":19}}]},"6":{"loc":{"start":{"line":47,"column":14},"end":{"line":47,"column":18}},"type":"binary-expr","locations":[{"start":{"line":47,"column":14},"end":{"line":47,"column":19}},{"start":{"line":47,"column":14},"end":{"line":47,"column":18}}]}},"s":{"0":0,"1":0,"2":0,"3":0,"4":0,"5":0,"6":0,"7":0,"8":0,"9":0,"10":0,"11":0,"12":0,"13":0,"14":0,"15":0,"16":0,"17":0,"18":0,"19":0,"20":0,"21":0,"22":0},"f":{"0":0,"1":0,"2":0},"b":{"0":[0,0],"1":[0,0],"2":[0,0],"3":[0,0],"4":[0,0],"5":[0,0],"6":[0,0]}},"/home/bekolozi/Desktop/homevend/server/src/models/PropertyPhoto.ts":{"path":"/home/bekolozi/Desktop/homevend/server/src/models/PropertyPhoto.ts","statementMap":{"0":{"start":{"line":1,"column":0},"end":{"line":1,"column":null}},"1":{"start":{"line":9,"column":0},"end":{"line":9,"column":41}},"2":{"start":{"line":12,"column":7},"end":{"line":55,"column":null}},"3":{"start":{"line":12,"column":13},"end":{"line":12,"column":26}},"4":{"start":{"line":14,"column":2},"end":{"line":14,"column":null}},"5":{"start":{"line":17,"column":2},"end":{"line":17,"column":null}},"6":{"start":{"line":21,"column":2},"end":{"line":21,"column":null}},"7":{"start":{"line":19,"column":19},"end":{"line":19,"column":27}},"8":{"start":{"line":19,"column":41},"end":{"line":19,"column":56}},"9":{"start":{"line":24,"column":2},"end":{"line":24,"column":null}},"10":{"start":{"line":27,"column":2},"end":{"line":27,"column":null}},"11":{"start":{"line":30,"column":2},"end":{"line":30,"column":null}},"12":{"start":{"line":33,"column":2},"end":{"line":33,"column":null}},"13":{"start":{"line":36,"column":2},"end":{"line":36,"column":null}},"14":{"start":{"line":39,"column":2},"end":{"line":39,"column":null}},"15":{"start":{"line":42,"column":2},"end":{"line":42,"column":null}},"16":{"start":{"line":45,"column":2},"end":{"line":45,"column":null}},"17":{"start":{"line":48,"column":2},"end":{"line":48,"column":null}},"18":{"start":{"line":51,"column":2},"end":{"line":51,"column":null}},"19":{"start":{"line":54,"column":2},"end":{"line":54,"column":null}},"20":{"start":{"line":12,"column":13},"end":{"line":55,"column":null}}},"fnMap":{"0":{"name":"(anonymous_2)","decl":{"start":{"line":19,"column":13},"end":{"line":19,"column":16}},"loc":{"start":{"line":19,"column":19},"end":{"line":19,"column":27}}},"1":{"name":"(anonymous_3)","decl":{"start":{"line":19,"column":29},"end":{"line":19,"column":37}},"loc":{"start":{"line":19,"column":41},"end":{"line":19,"column":56}}}},"branchMap":{"0":{"loc":{"start":{"line":21,"column":13},"end":{"line":21,"column":22}},"type":"cond-expr","locations":[{"start":{"line":21,"column":21},"end":{"line":21,"column":22}},{"start":{"line":21,"column":21},"end":{"line":21,"column":22}}]},"1":{"loc":{"start":{"line":21,"column":13},"end":{"line":21,"column":21}},"type":"binary-expr","locations":[{"start":{"line":21,"column":13},"end":{"line":21,"column":22}},{"start":{"line":21,"column":13},"end":{"line":21,"column":21}}]},"2":{"loc":{"start":{"line":54,"column":14},"end":{"line":54,"column":19}},"type":"cond-expr","locations":[{"start":{"line":54,"column":18},"end":{"line":54,"column":19}},{"start":{"line":54,"column":18},"end":{"line":54,"column":19}}]},"3":{"loc":{"start":{"line":54,"column":14},"end":{"line":54,"column":18}},"type":"binary-expr","locations":[{"start":{"line":54,"column":14},"end":{"line":54,"column":19}},{"start":{"line":54,"column":14},"end":{"line":54,"column":18}}]}},"s":{"0":0,"1":0,"2":0,"3":0,"4":0,"5":0,"6":0,"7":0,"8":0,"9":0,"10":0,"11":0,"12":0,"13":0,"14":0,"15":0,"16":0,"17":0,"18":0,"19":0,"20":0},"f":{"0":0,"1":0},"b":{"0":[0,0],"1":[0,0],"2":[0,0],"3":[0,0]}},"/home/bekolozi/Desktop/homevend/server/src/models/PropertyService.ts":{"path":"/home/bekolozi/Desktop/homevend/server/src/models/PropertyService.ts","statementMap":{"0":{"start":{"line":1,"column":0},"end":{"line":1,"column":null}},"1":{"start":{"line":11,"column":0},"end":{"line":11,"column":58}},"2":{"start":{"line":15,"column":7},"end":{"line":61,"column":null}},"3":{"start":{"line":15,"column":13},"end":{"line":15,"column":28}},"4":{"start":{"line":17,"column":2},"end":{"line":17,"column":null}},"5":{"start":{"line":20,"column":2},"end":{"line":20,"column":null}},"6":{"start":{"line":24,"column":2},"end":{"line":24,"column":null}},"7":{"start":{"line":22,"column":19},"end":{"line":22,"column":27}},"8":{"start":{"line":32,"column":2},"end":{"line":32,"column":null}},"9":{"start":{"line":35,"column":2},"end":{"line":35,"column":null}},"10":{"start":{"line":38,"column":2},"end":{"line":38,"column":null}},"11":{"start":{"line":42,"column":2},"end":{"line":42,"column":null}},"12":{"start":{"line":46,"column":2},"end":{"line":46,"column":22}},"13":{"start":{"line":50,"column":2},"end":{"line":50,"column":null}},"14":{"start":{"line":54,"column":2},"end":{"line":54,"column":null}},"15":{"start":{"line":57,"column":2},"end":{"line":57,"column":null}},"16":{"start":{"line":60,"column":2},"end":{"line":60,"column":null}},"17":{"start":{"line":15,"column":13},"end":{"line":61,"column":null}}},"fnMap":{"0":{"name":"(anonymous_2)","decl":{"start":{"line":22,"column":13},"end":{"line":22,"column":16}},"loc":{"start":{"line":22,"column":19},"end":{"line":22,"column":27}}}},"branchMap":{"0":{"loc":{"start":{"line":24,"column":13},"end":{"line":24,"column":22}},"type":"cond-expr","locations":[{"start":{"line":24,"column":21},"end":{"line":24,"column":22}},{"start":{"line":24,"column":21},"end":{"line":24,"column":22}}]},"1":{"loc":{"start":{"line":24,"column":13},"end":{"line":24,"column":21}},"type":"binary-expr","locations":[{"start":{"line":24,"column":13},"end":{"line":24,"column":22}},{"start":{"line":24,"column":13},"end":{"line":24,"column":21}}]},"2":{"loc":{"start":{"line":32,"column":16},"end":{"line":32,"column":32}},"type":"cond-expr","locations":[{"start":{"line":32,"column":31},"end":{"line":32,"column":32}},{"start":{"line":32,"column":31},"end":{"line":32,"column":32}}]},"3":{"loc":{"start":{"line":32,"column":16},"end":{"line":32,"column":31}},"type":"binary-expr","locations":[{"start":{"line":32,"column":16},"end":{"line":32,"column":32}},{"start":{"line":32,"column":16},"end":{"line":32,"column":31}}]},"4":{"loc":{"start":{"line":35,"column":14},"end":{"line":35,"column":19}},"type":"cond-expr","locations":[{"start":{"line":35,"column":18},"end":{"line":35,"column":19}},{"start":{"line":35,"column":18},"end":{"line":35,"column":19}}]},"5":{"loc":{"start":{"line":35,"column":14},"end":{"line":35,"column":18}},"type":"binary-expr","locations":[{"start":{"line":35,"column":14},"end":{"line":35,"column":19}},{"start":{"line":35,"column":14},"end":{"line":35,"column":18}}]},"6":{"loc":{"start":{"line":57,"column":14},"end":{"line":57,"column":19}},"type":"cond-expr","locations":[{"start":{"line":57,"column":18},"end":{"line":57,"column":19}},{"start":{"line":57,"column":18},"end":{"line":57,"column":19}}]},"7":{"loc":{"start":{"line":57,"column":14},"end":{"line":57,"column":18}},"type":"binary-expr","locations":[{"start":{"line":57,"column":14},"end":{"line":57,"column":19}},{"start":{"line":57,"column":14},"end":{"line":57,"column":18}}]},"8":{"loc":{"start":{"line":60,"column":14},"end":{"line":60,"column":19}},"type":"cond-expr","locations":[{"start":{"line":60,"column":18},"end":{"line":60,"column":19}},{"start":{"line":60,"column":18},"end":{"line":60,"column":19}}]},"9":{"loc":{"start":{"line":60,"column":14},"end":{"line":60,"column":18}},"type":"binary-expr","locations":[{"start":{"line":60,"column":14},"end":{"line":60,"column":19}},{"start":{"line":60,"column":14},"end":{"line":60,"column":18}}]}},"s":{"0":0,"1":0,"2":0,"3":0,"4":0,"5":0,"6":0,"7":0,"8":0,"9":0,"10":0,"11":0,"12":0,"13":0,"14":0,"15":0,"16":0,"17":0},"f":{"0":0},"b":{"0":[0,0],"1":[0,0],"2":[0,0],"3":[0,0],"4":[0,0],"5":[0,0],"6":[0,0],"7":[0,0],"8":[0,0],"9":[0,0]}},"/home/bekolozi/Desktop/homevend/server/src/models/Tag.ts":{"path":"/home/bekolozi/Desktop/homevend/server/src/models/Tag.ts","statementMap":{"0":{"start":{"line":1,"column":0},"end":{"line":1,"column":null}},"1":{"start":{"line":8,"column":0},"end":{"line":8,"column":41}},"2":{"start":{"line":11,"column":7},"end":{"line":42,"column":null}},"3":{"start":{"line":11,"column":13},"end":{"line":11,"column":16}},"4":{"start":{"line":13,"column":2},"end":{"line":13,"column":null}},"5":{"start":{"line":16,"column":2},"end":{"line":16,"column":null}},"6":{"start":{"line":19,"column":2},"end":{"line":19,"column":null}},"7":{"start":{"line":22,"column":2},"end":{"line":22,"column":null}},"8":{"start":{"line":25,"column":2},"end":{"line":25,"column":null}},"9":{"start":{"line":28,"column":2},"end":{"line":28,"column":null}},"10":{"start":{"line":31,"column":2},"end":{"line":31,"column":null}},"11":{"start":{"line":34,"column":2},"end":{"line":34,"column":null}},"12":{"start":{"line":37,"column":2},"end":{"line":37,"column":null}},"13":{"start":{"line":41,"column":2},"end":{"line":41,"column":null}},"14":{"start":{"line":40,"column":20},"end":{"line":40,"column":28}},"15":{"start":{"line":40,"column":42},"end":{"line":40,"column":55}},"16":{"start":{"line":11,"column":13},"end":{"line":42,"column":null}}},"fnMap":{"0":{"name":"(anonymous_2)","decl":{"start":{"line":40,"column":14},"end":{"line":40,"column":17}},"loc":{"start":{"line":40,"column":20},"end":{"line":40,"column":28}}},"1":{"name":"(anonymous_3)","decl":{"start":{"line":40,"column":30},"end":{"line":40,"column":38}},"loc":{"start":{"line":40,"column":42},"end":{"line":40,"column":55}}}},"branchMap":{"0":{"loc":{"start":{"line":37,"column":14},"end":{"line":37,"column":19}},"type":"cond-expr","locations":[{"start":{"line":37,"column":18},"end":{"line":37,"column":19}},{"start":{"line":37,"column":18},"end":{"line":37,"column":19}}]},"1":{"loc":{"start":{"line":37,"column":14},"end":{"line":37,"column":18}},"type":"binary-expr","locations":[{"start":{"line":37,"column":14},"end":{"line":37,"column":19}},{"start":{"line":37,"column":14},"end":{"line":37,"column":18}}]}},"s":{"0":0,"1":0,"2":0,"3":0,"4":0,"5":0,"6":0,"7":0,"8":0,"9":0,"10":0,"11":0,"12":0,"13":0,"14":0,"15":0,"16":0},"f":{"0":0,"1":0},"b":{"0":[0,0],"1":[0,0]}},"/home/bekolozi/Desktop/homevend/server/src/models/ServicePricing.ts":{"path":"/home/bekolozi/Desktop/homevend/server/src/models/ServicePricing.ts","statementMap":{"0":{"start":{"line":1,"column":0},"end":{"line":1,"column":null}},"1":{"start":{"line":9,"column":0},"end":{"line":9,"column":48}},"2":{"start":{"line":13,"column":7},"end":{"line":83,"column":null}},"3":{"start":{"line":13,"column":13},"end":{"line":13,"column":27}},"4":{"start":{"line":15,"column":2},"end":{"line":15,"column":null}},"5":{"start":{"line":23,"column":2},"end":{"line":23,"column":null}},"6":{"start":{"line":32,"column":2},"end":{"line":32,"column":null}},"7":{"start":{"line":40,"column":2},"end":{"line":40,"column":null}},"8":{"start":{"line":48,"column":2},"end":{"line":48,"column":null}},"9":{"start":{"line":55,"column":2},"end":{"line":55,"column":null}},"10":{"start":{"line":62,"column":2},"end":{"line":62,"column":null}},"11":{"start":{"line":65,"column":2},"end":{"line":65,"column":null}},"12":{"start":{"line":68,"column":2},"end":{"line":68,"column":21}},"13":{"start":{"line":76,"column":2},"end":{"line":76,"column":null}},"14":{"start":{"line":79,"column":2},"end":{"line":79,"column":null}},"15":{"start":{"line":82,"column":2},"end":{"line":82,"column":null}},"16":{"start":{"line":13,"column":13},"end":{"line":83,"column":null}}},"fnMap":{},"branchMap":{"0":{"loc":{"start":{"line":23,"column":16},"end":{"line":23,"column":32}},"type":"cond-expr","locations":[{"start":{"line":23,"column":31},"end":{"line":23,"column":32}},{"start":{"line":23,"column":31},"end":{"line":23,"column":32}}]},"1":{"loc":{"start":{"line":23,"column":16},"end":{"line":23,"column":31}},"type":"binary-expr","locations":[{"start":{"line":23,"column":16},"end":{"line":23,"column":32}},{"start":{"line":23,"column":16},"end":{"line":23,"column":31}}]},"2":{"loc":{"start":{"line":79,"column":14},"end":{"line":79,"column":19}},"type":"cond-expr","locations":[{"start":{"line":79,"column":18},"end":{"line":79,"column":19}},{"start":{"line":79,"column":18},"end":{"line":79,"column":19}}]},"3":{"loc":{"start":{"line":79,"column":14},"end":{"line":79,"column":18}},"type":"binary-expr","locations":[{"start":{"line":79,"column":14},"end":{"line":79,"column":19}},{"start":{"line":79,"column":14},"end":{"line":79,"column":18}}]},"4":{"loc":{"start":{"line":82,"column":14},"end":{"line":82,"column":19}},"type":"cond-expr","locations":[{"start":{"line":82,"column":18},"end":{"line":82,"column":19}},{"start":{"line":82,"column":18},"end":{"line":82,"column":19}}]},"5":{"loc":{"start":{"line":82,"column":14},"end":{"line":82,"column":18}},"type":"binary-expr","locations":[{"start":{"line":82,"column":14},"end":{"line":82,"column":19}},{"start":{"line":82,"column":14},"end":{"line":82,"column":18}}]}},"s":{"0":0,"1":0,"2":0,"3":0,"4":0,"5":0,"6":0,"7":0,"8":0,"9":0,"10":0,"11":0,"12":0,"13":0,"14":0,"15":0,"16":0},"f":{},"b":{"0":[0,0],"1":[0,0],"2":[0,0],"3":[0,0],"4":[0,0],"5":[0,0]}},"/home/bekolozi/Desktop/homevend/server/src/models/Feature.ts":{"path":"/home/bekolozi/Desktop/homevend/server/src/models/Feature.ts","statementMap":{"0":{"start":{"line":1,"column":0},"end":{"line":1,"column":null}},"1":{"start":{"line":8,"column":0},"end":{"line":8,"column":41}},"2":{"start":{"line":11,"column":7},"end":{"line":42,"column":null}},"3":{"start":{"line":11,"column":13},"end":{"line":11,"column":20}},"4":{"start":{"line":13,"column":2},"end":{"line":13,"column":null}},"5":{"start":{"line":16,"column":2},"end":{"line":16,"column":null}},"6":{"start":{"line":19,"column":2},"end":{"line":19,"column":null}},"7":{"start":{"line":22,"column":2},"end":{"line":22,"column":null}},"8":{"start":{"line":25,"column":2},"end":{"line":25,"column":null}},"9":{"start":{"line":28,"column":2},"end":{"line":28,"column":null}},"10":{"start":{"line":31,"column":2},"end":{"line":31,"column":null}},"11":{"start":{"line":34,"column":2},"end":{"line":34,"column":null}},"12":{"start":{"line":37,"column":2},"end":{"line":37,"column":null}},"13":{"start":{"line":41,"column":2},"end":{"line":41,"column":null}},"14":{"start":{"line":40,"column":20},"end":{"line":40,"column":28}},"15":{"start":{"line":40,"column":42},"end":{"line":40,"column":59}},"16":{"start":{"line":11,"column":13},"end":{"line":42,"column":null}}},"fnMap":{"0":{"name":"(anonymous_2)","decl":{"start":{"line":40,"column":14},"end":{"line":40,"column":17}},"loc":{"start":{"line":40,"column":20},"end":{"line":40,"column":28}}},"1":{"name":"(anonymous_3)","decl":{"start":{"line":40,"column":30},"end":{"line":40,"column":38}},"loc":{"start":{"line":40,"column":42},"end":{"line":40,"column":59}}}},"branchMap":{"0":{"loc":{"start":{"line":37,"column":14},"end":{"line":37,"column":19}},"type":"cond-expr","locations":[{"start":{"line":37,"column":18},"end":{"line":37,"column":19}},{"start":{"line":37,"column":18},"end":{"line":37,"column":19}}]},"1":{"loc":{"start":{"line":37,"column":14},"end":{"line":37,"column":18}},"type":"binary-expr","locations":[{"start":{"line":37,"column":14},"end":{"line":37,"column":19}},{"start":{"line":37,"column":14},"end":{"line":37,"column":18}}]}},"s":{"0":0,"1":0,"2":0,"3":0,"4":0,"5":0,"6":0,"7":0,"8":0,"9":0,"10":0,"11":0,"12":0,"13":0,"14":0,"15":0,"16":0},"f":{"0":0,"1":0},"b":{"0":[0,0],"1":[0,0]}},"/home/bekolozi/Desktop/homevend/server/src/models/PropertyView.ts":{"path":"/home/bekolozi/Desktop/homevend/server/src/models/Proper
[...]
:{"line":1559,"column":4},"end":{"line":1561,"column":5}},"type":"if","locations":[{"start":{"line":1559,"column":4},"end":{"line":1561,"column":5}},{"start":{},"end":{}}]},"348":{"loc":{"start":{"line":1559,"column":8},"end":{"line":1559,"column":44}},"type":"binary-expr","locations":[{"start":{"line":1559,"column":8},"end":{"line":1559,"column":27}},{"start":{"line":1559,"column":31},"end":{"line":1559,"column":44}}]},"349":{"loc":{"start":{"line":1564,"column":4},"end":{"line":1595,"column":5}},"type":"if","locations":[{"start":{"line":1564,"column":4},"end":{"line":1595,"column":5}},{"start":{},"end":{}}]},"350":{"loc":{"start":{"line":1568,"column":6},"end":{"line":1592,"column":7}},"type":"if","locations":[{"start":{"line":1568,"column":6},"end":{"line":1592,"column":7}},{"start":{},"end":{}}]},"351":{"loc":{"start":{"line":1569,"column":48},"end":{"line":1569,"column":90}},"type":"binary-expr","locations":[{"start":{"line":1569,"column":48},"end":{"line":1569,"column":69}},{"start":{"line":1569,"column":73},"end":{"line":1569,"column":90}}]},"352":{"loc":{"start":{"line":1570,"column":50},"end":{"line":1570,"column":91}},"type":"binary-expr","locations":[{"start":{"line":1570,"column":50},"end":{"line":1570,"column":71}},{"start":{"line":1570,"column":75},"end":{"line":1570,"column":91}}]},"353":{"loc":{"start":{"line":1572,"column":8},"end":{"line":1575,"column":9}},"type":"if","locations":[{"start":{"line":1572,"column":8},"end":{"line":1575,"column":9}},{"start":{},"end":{}}]},"354":{"loc":{"start":{"line":1577,"column":8},"end":{"line":1586,"column":9}},"type":"if","locations":[{"start":{"line":1577,"column":8},"end":{"line":1586,"column":9}},{"start":{},"end":{}}]},"355":{"loc":{"start":{"line":1597,"column":4},"end":{"line":1628,"column":5}},"type":"if","locations":[{"start":{"line":1597,"column":4},"end":{"line":1628,"column":5}},{"start":{},"end":{}}]},"356":{"loc":{"start":{"line":1601,"column":6},"end":{"line":1625,"column":7}},"type":"if","locations":[{"start":{"line":1601,"column":6},"end":{"line":1625,"column":7}},{"start":{},"end":{}}]},"357":{"loc":{"start":{"line":1602,"column":52},"end":{"line":1602,"column":94}},"type":"binary-expr","locations":[{"start":{"line":1602,"column":52},"end":{"line":1602,"column":73}},{"start":{"line":1602,"column":77},"end":{"line":1602,"column":94}}]},"358":{"loc":{"start":{"line":1603,"column":54},"end":{"line":1603,"column":95}},"type":"binary-expr","locations":[{"start":{"line":1603,"column":54},"end":{"line":1603,"column":75}},{"start":{"line":1603,"column":79},"end":{"line":1603,"column":95}}]},"359":{"loc":{"start":{"line":1605,"column":8},"end":{"line":1608,"column":9}},"type":"if","locations":[{"start":{"line":1605,"column":8},"end":{"line":1608,"column":9}},{"start":{},"end":{}}]},"360":{"loc":{"start":{"line":1610,"column":8},"end":{"line":1619,"column":9}},"type":"if","locations":[{"start":{"line":1610,"column":8},"end":{"line":1619,"column":9}},{"start":{},"end":{}}]},"361":{"loc":{"start":{"line":1630,"column":4},"end":{"line":1661,"column":5}},"type":"if","locations":[{"start":{"line":1630,"column":4},"end":{"line":1661,"column":5}},{"start":{},"end":{}}]},"362":{"loc":{"start":{"line":1634,"column":6},"end":{"line":1658,"column":7}},"type":"if","locations":[{"start":{"line":1634,"column":6},"end":{"line":1658,"column":7}},{"start":{},"end":{}}]},"363":{"loc":{"start":{"line":1635,"column":61},"end":{"line":1635,"column":103}},"type":"binary-expr","locations":[{"start":{"line":1635,"column":61},"end":{"line":1635,"column":82}},{"start":{"line":1635,"column":86},"end":{"line":1635,"column":103}}]},"364":{"loc":{"start":{"line":1636,"column":63},"end":{"line":1636,"column":104}},"type":"binary-expr","locations":[{"start":{"line":1636,"column":63},"end":{"line":1636,"column":84}},{"start":{"line":1636,"column":88},"end":{"line":1636,"column":104}}]},"365":{"loc":{"start":{"line":1638,"column":8},"end":{"line":1641,"column":9}},"type":"if","locations":[{"start":{"line":1638,"column":8},"end":{"line":1641,"column":9}},{"start":{},"end":{}}]},"366":{"loc":{"start":{"line":1643,"column":8},"end":{"line":1652,"column":9}},"type":"if","locations":[{"start":{"line":1643,"column":8},"end":{"line":1652,"column":9}},{"start":{},"end":{}}]},"367":{"loc":{"start":{"line":1663,"column":4},"end":{"line":1694,"column":5}},"type":"if","locations":[{"start":{"line":1663,"column":4},"end":{"line":1694,"column":5}},{"start":{},"end":{}}]},"368":{"loc":{"start":{"line":1667,"column":6},"end":{"line":1691,"column":7}},"type":"if","locations":[{"start":{"line":1667,"column":6},"end":{"line":1691,"column":7}},{"start":{},"end":{}}]},"369":{"loc":{"start":{"line":1668,"column":40},"end":{"line":1668,"column":82}},"type":"binary-expr","locations":[{"start":{"line":1668,"column":40},"end":{"line":1668,"column":61}},{"start":{"line":1668,"column":65},"end":{"line":1668,"column":82}}]},"370":{"loc":{"start":{"line":1669,"column":42},"end":{"line":1669,"column":83}},"type":"binary-expr","locations":[{"start":{"line":1669,"column":42},"end":{"line":1669,"column":63}},{"start":{"line":1669,"column":67},"end":{"line":1669,"column":83}}]},"371":{"loc":{"start":{"line":1671,"column":8},"end":{"line":1674,"column":9}},"type":"if","locations":[{"start":{"line":1671,"column":8},"end":{"line":1674,"column":9}},{"start":{},"end":{}}]},"372":{"loc":{"start":{"line":1676,"column":8},"end":{"line":1685,"column":9}},"type":"if","locations":[{"start":{"line":1676,"column":8},"end":{"line":1685,"column":9}},{"start":{},"end":{}}]},"373":{"loc":{"start":{"line":1697,"column":4},"end":{"line":1714,"column":5}},"type":"if","locations":[{"start":{"line":1697,"column":4},"end":{"line":1714,"column":5}},{"start":{},"end":{}}]},"374":{"loc":{"start":{"line":1697,"column":8},"end":{"line":1697,"column":36}},"type":"binary-expr","locations":[{"start":{"line":1697,"column":8},"end":{"line":1697,"column":14}},{"start":{"line":1697,"column":18},"end":{"line":1697,"column":36}}]},"375":{"loc":{"start":{"line":1704,"column":6},"end":{"line":1713,"column":7}},"type":"if","locations":[{"start":{"line":1704,"column":6},"end":{"line":1713,"column":7}},{"start":{},"end":{}}]},"376":{"loc":{"start":{"line":1742,"column":4},"end":{"line":1748,"column":5}},"type":"if","locations":[{"start":{"line":1742,"column":4},"end":{"line":1748,"column":5}},{"start":{},"end":{}}]},"377":{"loc":{"start":{"line":1750,"column":4},"end":{"line":1756,"column":5}},"type":"if","locations":[{"start":{"line":1750,"column":4},"end":{"line":1756,"column":5}},{"start":{},"end":{}}]},"378":{"loc":{"start":{"line":1750,"column":8},"end":{"line":1750,"column":70}},"type":"binary-expr","locations":[{"start":{"line":1750,"column":8},"end":{"line":1750,"column":40}},{"start":{"line":1750,"column":44},"end":{"line":1750,"column":70}}]},"379":{"loc":{"start":{"line":1794,"column":4},"end":{"line":1800,"column":5}},"type":"if","locations":[{"start":{"line":1794,"column":4},"end":{"line":1800,"column":5}},{"start":{},"end":{}}]},"380":{"loc":{"start":{"line":1803,"column":4},"end":{"line":1809,"column":5}},"type":"if","locations":[{"start":{"line":1803,"column":4},"end":{"line":1809,"column":5}},{"start":{},"end":{}}]},"381":{"loc":{"start":{"line":1803,"column":8},"end":{"line":1803,"column":70}},"type":"binary-expr","locations":[{"start":{"line":1803,"column":8},"end":{"line":1803,"column":40}},{"start":{"line":1803,"column":44},"end":{"line":1803,"column":70}}]},"382":{"loc":{"start":{"line":1816,"column":20},"end":{"line":1826,"column":6}},"type":"cond-expr","locations":[{"start":{"line":1816,"column":75},"end":{"line":1821,"column":6}},{"start":{"line":1821,"column":8},"end":{"line":1826,"column":6}}]},"383":{"loc":{"start":{"line":1816,"column":20},"end":{"line":1816,"column":72}},"type":"binary-expr","locations":[{"start":{"line":1816,"column":20},"end":{"line":1816,"column":41}},{"start":{"line":1816,"column":45},"end":{"line":1816,"column":72}}]},"384":{"loc":{"start":{"line":1839,"column":29},"end":{"line":1839,"column":74}},"type":"binary-expr","locations":[{"start":{"line":1839,"column":29},"end":{"line":1839,"column":54}},{"start":{"line":1839,"column":58},"end":{"line":1839,"column":74}}]}},"s":{"0":0,"1":0,"2":0,"3":0,"4":0,"5":0,"6":0,"7":0,"8":0,"9":0,"10":0,"11":0,"12":0,"13":0,"14":0,"15":0,"16":0,"17":0,"18":0,"19":0,"20":0,"21":0,"22":0,"23":0,"24":0,"25":0,"26":0,"27":0,"28":0,"29":0,"30":0,"31":0,"32":0,"33":0,"34":0,"35":0,"36":0,"37":0,"38":0,"39":0,"40":0,"41":0,"42":0,"43":0,"44":0,"45":0,"46":0,"47":0,"48":0,"49":0,"50":0,"51":0,"52":0,"53":0,"54":0,"55":0,"56":0,"57":0,"58":0,"59":0,"60":0,"61":0,"62":0,"63":0,"64":0,"65":0,"66":0,"67":0,"68":0,"69":0,"70":0,"71":0,"72":0,"73":0,"74":0,"75":0,"76":0,"77":0,"78":0,"79":0,"80":0,"81":0,"82":0,"83":0,"84":0,"85":0,"86":0,"87":0,"88":0,"89":0,"90":0,"91":0,"92":0,"93":0,"94":0,"95":0,"96":0,"97":0,"98":0,"99":0,"100":0,"101":0,"102":0,"103":0,"104":0,"105":0,"106":0,"107":0,"108":0,"109":0,"110":0,"111":0,"112":0,"113":0,"114":0,"115":0,"116":0,"117":0,"118":0,"119":0,"120":0,"121":0,"122":0,"123":0,"124":0,"125":0,"126":0,"127":0,"128":0,"129":0,"130":0,"131":0,"132":0,"133":0,"134":0,"135":0,"136":0,"137":0,"138":0,"139":0,"140":0,"141":0,"142":0,"143":0,"144":0,"145":0,"146":0,"147":0,"148":0,"149":0,"150":0,"151":0,"152":0,"153":0,"154":0,"155":0,"156":0,"157":0,"158":0,"159":0,"160":0,"161":0,"162":0,"163":0,"164":0,"165":0,"166":0,"167":0,"168":0,"169":0,"170":0,"171":0,"172":0,"173":0,"174":0,"175":0,"176":0,"177":0,"178":0,"179":0,"180":0,"181":0,"182":0,"183":0,"184":0,"185":0,"186":0,"187":0,"188":0,"189":0,"190":0,"191":0,"192":0,"193":0,"194":0,"195":0,"196":0,"197":0,"198":0,"199":0,"200":0,"201":0,"202":0,"203":0,"204":0,"205":0,"206":0,"207":0,"208":0,"209":0,"210":0,"211":0,"212":0,"213":0,"214":0,"215":0,"216":0,"217":0,"218":0,"219":0,"220":0,"221":0,"222":0,"223":0,"224":0,"225":0,"226":0,"227":0,"228":0,"229":0,"230":0,"231":0,"232":0,"233":0,"234":0,"235":0,"236":0,"237":0,"238":0,"239":0,"240":0,"241":0,"242":0,"243":0,"244":0,"245":0,"246":0,"247":0,"248":0,"249":0,"250":0,"251":0,"252":0,"253":0,"254":0,"255":0,"256":0,"257":0,"258":0,"259":0,"260":0,"261":0,"262":0,"263":0,"264":0,"265":0,"266":0,"267":0,"268":0,"269":0,"270":0,"271":0,"272":0,"273":0,"274":0,"275":0,"276":0,"277":0,"278":0,"279":0,"280":0,"281":0,"282":0,"283":0,"284":0,"285":0,"286":0,"287":0,"288":0,"289":0,"290":0,"291":0,"292":0,"293":0,"294":0,"295":0,"296":0,"297":0,"298":0,"299":0,"300":0,"301":0,"302":0,"303":0,"304":0,"305":0,"306":0,"307":0,"308":0,"309":0,"310":0,"311":0,"312":0,"313":0,"314":0,"315":0,"316":0,"317":0,"318":0,"319":0,"320":0,"321":0,"322":0,"323":0,"324":0,"325":0,"326":0,"327":0,"328":0,"329":0,"330":0,"331":0,"332":0,"333":0,"334":0,"335":0,"336":0,"337":0,"338":0,"339":0,"340":0,"341":0,"342":0,"343":0,"344":0,"345":0,"346":0,"347":0,"348":0,"349":0,"350":0,"351":0,"352":0,"353":0,"354":0,"355":0,"356":0,"357":0,"358":0,"359":0,"360":0,"361":0,"362":0,"363":0,"364":0,"365":0,"366":0,"367":0,"368":0,"369":0,"370":0,"371":0,"372":0,"373":0,"374":0,"375":0,"376":0,"377":0,"378":0,"379":0,"380":0,"381":0,"382":0,"383":0,"384":0,"385":0,"386":0,"387":0,"388":0,"389":0,"390":0,"391":0,"392":0,"393":0,"394":0,"395":0,"396":0,"397":0,"398":0,"399":0,"400":0,"401":0,"402":0,"403":0,"404":0,"405":0,"406":0,"407":0,"408":0,"409":0,"410":0,"411":0,"412":0,"413":0,"414":0,"415":0,"416":0,"417":0,"418":0,"419":0,"420":0,"421":0,"422":0,"423":0,"424":0,"425":0,"426":0,"427":0,"428":0,"429":0,"430":0,"431":0,"432":0,"433":0,"434":0,"435":0,"436":0,"437":0,"438":0,"439":0,"440":0,"441":0,"442":0,"443":0,"444":0,"445":0,"446":0,"447":0,"448":0,"449":0,"450":0,"451":0,"452":0,"453":0,"454":0,"455":0,"456":0,"457":0,"458":0,"459":0,"460":0,"461":0,"462":0,"463":0,"464":0,"465":0,"466":0,"467":0,"468":0,"469":0,"470":0,"471":0,"472":0,"473":0,"474":0,"475":0,"476":0,"477":0,"478":0,"479":0,"480":0,"481":0,"482":0,"483":0,"484":0,"485":0,"486":0,"487":0,"488":0,"489":0,"490":0,"491":0,"492":0,"493":0,"494":0,"495":0,"496":0,"497":0,"498":0,"499":0,"500":0,"501":0,"502":0,"503":0,"504":0,"505":0,"506":0,"507":0,"508":0,"509":0,"510":0,"511":0,"512":0,"513":0,"514":0,"515":0,"516":0,"517":0,"518":0,"519":0,"520":0,"521":0,"522":0,"523":0,"524":0,"525":0,"526":0,"527":0,"528":0,"529":0,"530":0,"531":0,"532":0,"533":0,"534":0,"535":0,"536":0,"537":0,"538":0,"539":0,"540":0,"541":0,"542":0,"543":0,"544":0,"545":0,"546":0,"547":0,"548":0,"549":0,"550":0,"551":0,"552":0,"553":0,"554":0,"555":0,"556":0,"557":0,"558":0,"559":0,"560":0,"561":0,"562":0,"563":0,"564":0,"565":0,"566":0,"567":0,"568":0,"569":0,"570":0,"571":0,"572":0,"573":0,"574":0,"575":0,"576":0,"577":0,"578":0,"579":0,"580":0,"581":0,"582":0,"583":0,"584":0,"585":0,"586":0,"587":0,"588":0,"589":0,"590":0,"591":0,"592":0,"593":0,"594":0,"595":0,"596":0,"597":0,"598":0,"599":0,"600":0,"601":0,"602":0,"603":0,"604":0,"605":0,"606":0,"607":0,"608":0,"609":0,"610":0,"611":0,"612":0,"613":0,"614":0,"615":0,"616":0,"617":0,"618":0,"619":0,"620":0,"621":0,"622":0,"623":0,"624":0,"625":0,"626":0,"627":0,"628":0,"629":0,"630":0,"631":0,"632":0,"633":0,"634":0,"635":0,"636":0,"637":0,"638":0,"639":0,"640":0,"641":0,"642":0,"643":0,"644":0,"645":0,"646":0,"647":0,"648":0,"649":0,"650":0,"651":0,"652":0,"653":0,"654":0,"655":0,"656":0,"657":0,"658":0,"659":0,"660":0,"661":0,"662":0,"663":0,"664":0,"665":0,"666":0,"667":0,"668":0,"669":0,"670":0,"671":0,"672":0,"673":0,"674":0,"675":0,"676":0,"677":0,"678":0,"679":0,"680":0,"681":0,"682":0,"683":0,"684":0,"685":0,"686":0,"687":0,"688":0,"689":0,"690":0,"691":0,"692":0,"693":0,"694":0,"695":0,"696":0,"697":0,"698":0,"699":0,"700":0,"701":0,"702":0,"703":0,"704":0,"705":0,"706":0,"707":0,"708":0,"709":0,"710":0,"711":0,"712":0,"713":0,"714":0,"715":0,"716":0,"717":0,"718":0,"719":0,"720":0,"721":0,"722":0,"723":0,"724":0,"725":0,"726":0,"727":0,"728":0,"729":0,"730":0,"731":0,"732":0,"733":0,"734":0,"735":0,"736":0,"737":0,"738":0,"739":0,"740":0,"741":0,"742":0,"743":0,"744":0,"745":0,"746":0,"747":0,"748":0,"749":0,"750":0,"751":0,"752":0,"753":0,"754":0,"755":0,"756":0,"757":0,"758":0,"759":0,"760":0,"761":0,"762":0,"763":0,"764":0,"765":0,"766":0,"767":0,"768":0,"769":0,"770":0,"771":0,"772":0,"773":0,"774":0,"775":0,"776":0,"777":0,"778":0,"779":0,"780":0,"781":0,"782":0,"783":0,"784":0,"785":0,"786":0,"787":0,"788":0,"789":0,"790":0,"791":0,"792":0,"793":0,"794":0,"795":0,"796":0,"797":0,"798":0,"799":0,"800":0,"801":0,"802":0,"803":0,"804":0,"805":0,"806":0,"807":0,"808":0,"809":0,"810":0,"811":0,"812":0,"813":0,"814":0,"815":0,"816":0,"817":0,"818":0,"819":0,"820":0,"821":0,"822":0,"823":0,"824":0,"825":0,"826":0,"827":0,"828":0,"829":0,"830":0,"831":0,"832":0,"833":0,"834":0,"835":0,"836":0,"837":0,"838":0,"839":0,"840":0,"841":0,"842":0},"f":{"0":0,"1":0,"2":0,"3":0,"4":0,"5":0,"6":0,"7":0,"8":0,"9":0,"10":0,"11":0,"12":0,"13":0,"14":0,"15":0,"16":0,"17":0,"18":0,"19":0,"20":0,"21":0,"22":0,"23":0,"24":0,"25":0,"26":0,"27":0,"28":0,"29":0,"30":0,"31":0,"32":0,"33":0,"34":0,"35":0,"36":0,"37":0,"38":0,"39":0,"40":0,"41":0,"42":0,"43":0,"44":0,"45":0,"46":0,"47":0,"48":0,"49":0,"50":0,"51":0,"52":0,"53":0,"54":0,"55":0,"56":0,"57":0,"58":0,"59":0,"60":0,"61":0,"62":0,"63":0,"64":0,"65":0,"66":0,"67":0,"68":0,"69":0,"70":0,"71":0,"72":0,"73":0,"74":0,"75":0,"76":0,"77":0,"78":0,"79":0,"80":0,"81":0,"82":0,"83":0,"84":0,"85":0},"b":{"0":[0],"1":[0],"2":[0],"3":[0],"4":[0],"5":[0,0],"6":[0,0],"7":[0,0],"8":[0,0],"9":[0,0],"10":[0,0],"11":[0,0],"12":[0,0],"13":[0,0],"14":[0,0],"15":[0,0],"16":[0,0],"17":[0,0],"18":[0,0],"19":[0,0],"20":[0,0],"21":[0,0],"22":[0,0],"23":[0,0],"24":[0,0],"25":[0,0],"26":[0,0],"27":[0,0],"28":[0,0],"29":[0,0],"30":[0,0],"31":[0,0],"32":[0,0,0],"33":[0,0],"34":[0,0],"35":[0,0,0],"36":[0,0],"37":[0,0],"38":[0,0,0],"39":[0,0],"40":[0,0],"41":[0,0,0],"42":[0,0],"43":[0,0],"44":[0,0,0],"45":[0,0],"46":[0,0],"47":[0,0],"48":[0,0],"49":[0,0],"50":[0,0],"51":[0,0],"52":[0,0],"53":[0,0],"54":[0,0],"55":[0,0],"56":[0,0],"57":[0,0],"58":[0,0],"59":[0,0],"60":[0,0],"61":[0,0],"62":[0,0],"63":[0,0],"64":[0,0],"65":[0,0],"66":[0,0],"67":[0,0],"68":[0,0],"69":[0,0],"70":[0,0],"71":[0,0],"72":[0,0],"73":[0,0],"74":[0,0],"75":[0,0],"76":[0,0],"77":[0,0],"78":[0,0],"79":[0,0],"80":[0,0],"81":[0,0],"82":[0,0],"83":[0,0],"84":[0,0],"85":[0,0],"86":[0,0],"87":[0,0],"88":[0,0],"89":[0,0],"90":[0,0],"91":[0,0],"92":[0,0],"93":[0,0],"94":[0,0],"95":[0,0],"96":[0,0],"97":[0,0],"98":[0,0],"99":[0,0,0],"100":[0,0],"101":[0,0],"102":[0,0],"103":[0,0],"104":[0,0],"105":[0,0],"106":[0,0],"107":[0,0],"108":[0,0],"109":[0,0],"110":[0,0],"111":[0,0],"112":[0,0],"113":[0,0],"114":[0,0],"115":[0,0],"116":[0,0],"117":[0,0],"118":[0,0],"119":[0,0],"120":[0,0],"121":[0,0],"122":[0,0],"123":[0,0],"124":[0,0],"125":[0,0],"126":[0,0],"127":[0,0],"128":[0,0],"129":[0,0],"130":[0,0],"131":[0,0],"132":[0,0],"133":[0,0],"134":[0,0],"135":[0,0],"136":[0,0],"137":[0,0],"138":[0,0],"139":[0,0],"140":[0,0],"141":[0,0],"142":[0,0],"143":[0,0],"144":[0,0],"145":[0,0],"146":[0,0],"147":[0],"148":[0],"149":[0],"150":[0,0],"151":[0,0],"152":[0,0],"153":[0,0],"154":[0,0],"155":[0,0],"156":[0,0],"157":[0,0],"158":[0,0],"159":[0,0],"160":[0,0,0],"161":[0,0],"162":[0,0,0],"163":[0,0],"164":[0,0],"165":[0,0],"166":[0,0],"167":[0,0],"168":[0,0],"169":[0,0],"170":[0,0],"171":[0,0],"172":[0,0,0],"173":[0,0],"174":[0,0],"175":[0,0],"176":[0,0,0],"177":[0,0],"178":[0,0],"179":[0,0,0],"180":[0,0],"181":[0,0],"182":[0,0],"183":[0,0],"184":[0,0,0],"185":[0,0],"186":[0,0],"187":[0,0],"188":[0,0,0],"189":[0,0],"190":[0,0],"191":[0,0],"192":[0,0,0],"193":[0,0],"194":[0,0],"195":[0,0],"196":[0,0],"197":[0,0],"198":[0,0],"199":[0,0],"200":[0,0],"201":[0,0],"202":[0,0],"203":[0,0],"204":[0,0],"205":[0,0],"206":[0,0],"207":[0,0],"208":[0,0],"209":[0,0],"210":[0,0],"211":[0,0],"212":[0,0],"213":[0,0],"214":[0,0],"215":[0,0],"216":[0,0],"217":[0,0],"218":[0,0],"219":[0,0],"220":[0,0],"221":[0,0],"222":[0,0],"223":[0,0],"224":[0,0,0,0,0,0],"225":[0,0],"226":[0,0],"227":[0,0],"228":[0,0,0],"229":[0,0],"230":[0,0],"231":[0,0],"232":[0,0],"233":[0,0],"234":[0,0],"235":[0,0],"236":[0,0],"237":[0,0],"238":[0,0],"239":[0,0],"240":[0,0],"241":[0,0],"242":[0,0],"243":[0,0],"244":[0,0],"245":[0,0],"246":[0,0],"247":[0,0],"248":[0,0],"249":[0,0],"250":[0,0],"251":[0,0],"252":[0,0],"253":[0,0],"254":[0,0],"255":[0,0],"256":[0,0],"257":[0,0],"258":[0,0],"259":[0,0],"260":[0,0,0],"261":[0,0],"262":[0,0],"263":[0,0],"264":[0,0],"265":[0,0],"266":[0,0,0],"267":[0,0],"268":[0,0],"269":[0,0],"270":[0,0],"271":[0,0],"272":[0,0],"273":[0,0],"274":[0,0],"275":[0,0],"276":[0],"277":[0],"278":[0],"279":[0],"280":[0],"281":[0,0],"282":[0,0],"283":[0,0],"284":[0,0],"285":[0,0],"286":[0,0],"287":[0,0],"288":[0,0],"289":[0,0],"290":[0,0],"291":[0,0],"292":[0,0],"293":[0,0],"294":[0,0],"295":[0,0],"296":[0,0],"297":[0,0],"298":[0,0],"299":[0,0],"300":[0,0],"301":[0,0],"302":[0,0],"303":[0,0],"304":[0,0],"305":[0,0],"306":[0,0],"307":[0,0],"308":[0,0],"309":[0,0],"310":[0,0],"311":[0,0],"312":[0,0],"313":[0,0],"314":[0,0],"315":[0,0],"316":[0,0],"317":[0,0],"318":[0,0],"319":[0,0],"320":[0,0],"321":[0,0],"322":[0,0],"323":[0,0],"324":[0,0],"325":[0,0],"326":[0,0],"327":[0,0],"328":[0,0],"329":[0,0],"330":[0,0],"331":[0,0],"332":[0,0],"333":[0,0],"334":[0,0],"335":[0,0],"336":[0,0],"337":[0,0],"338":[0,0],"339":[0,0],"340":[0,0],"341":[0,0],"342":[0,0],"343":[0,0],"344":[0,0],"345":[0,0],"346":[0,0],"347":[0,0],"348":[0,0],"349":[0,0],"350":[0,0],"351":[0,0],"352":[0,0],"353":[0,0],"354":[0,0],"355":[0,0],"356":[0,0],"357":[0,0],"358":[0,0],"359":[0,0],"360":[0,0],"361":[0,0],"362":[0,0],"363":[0,0],"364":[0,0],"365":[0,0],"366":[0,0],"367":[0,0],"368":[0,0],"369":[0,0],"370":[0,0],"371":[0,0],"372":[0,0],"373":[0,0],"374":[0,0],"375":[0,0],"376":[0,0],"377":[0,0],"378":[0,0],"379":[0,0],"380":[0,0],"381":[0,0],"382":[0,0],"383":[0,0],"384":[0,0]}}}}
